#
# There is insufficient memory for the Java Runtime Environment to continue.
# Native memory allocation (malloc) failed to allocate 1048576 bytes. Error detail: AllocateHeap
# Possible reasons:
#   The system is out of physical RAM or swap space
#   This process is running with CompressedOops enabled, and the Java Heap may be blocking the growth of the native heap
# Possible solutions:
#   Reduce memory load on the system
#   Increase physical memory or swap space
#   Check if swap backing store is full
#   Decrease Java heap size (-Xmx/-Xms)
#   Decrease number of Java threads
#   Decrease Java thread stack sizes (-Xss)
#   Set larger code cache with -XX:ReservedCodeCacheSize=
#   JVM is running with Unscaled Compressed Oops mode in which the Java heap is
#     placed in the first 4GB address space. The Java Heap base address is the
#     maximum limit for the native heap growth. Please use -XX:HeapBaseMinAddress
#     to set the Java Heap base and to place the Java Heap above 4GB virtual address.
# This output file may be truncated or incomplete.
#
#  Out of Memory Error (allocation.cpp:44), pid=2800, tid=3592
#
# JRE version: OpenJDK Runtime Environment Temurin-21.0.9+10 (21.0.9+10) (build 21.0.9+10-LTS)
# Java VM: OpenJDK 64-Bit Server VM Temurin-21.0.9+10 (21.0.9+10-LTS, mixed mode, sharing, tiered, compressed oops, compressed class ptrs, parallel gc, windows-amd64)
# No core dump will be written. Minidumps are not enabled by default on client versions of Windows
#

---------------  S U M M A R Y ------------

Command Line: --add-modules=ALL-SYSTEM --add-opens=java.base/java.util=ALL-UNNAMED --add-opens=java.base/java.lang=ALL-UNNAMED --add-opens=java.base/sun.nio.fs=ALL-UNNAMED -Declipse.application=org.eclipse.jdt.ls.core.id1 -Dosgi.bundles.defaultStartLevel=4 -Declipse.product=org.eclipse.jdt.ls.core.product -Djava.import.generatesMetadataFilesAtProjectRoot=false -DDetectVMInstallationsJob.disabled=true -Dfile.encoding=utf8 -XX:+UseParallelGC -XX:GCTimeRatio=4 -XX:AdaptiveSizePolicyWeight=90 -Dsun.zip.disableMemoryMapping=true -Xmx2G -Xms100m -Xlog:disable -javaagent:c:\Users\rafae\.vscode\extensions\redhat.java-1.49.0-win32-x64\lombok\lombok-1.18.39-4050.jar -XX:+HeapDumpOnOutOfMemoryError -XX:HeapDumpPath=c:\Users\rafae\AppData\Roaming\Code\User\workspaceStorage\913dfa4cee56fe9961c38b572c234507\redhat.java -Daether.dependencyCollector.impl=bf c:\Users\rafae\.vscode\extensions\redhat.java-1.49.0-win32-x64\server\plugins\org.eclipse.equinox.launcher_1.7.100.v20251111-0406.jar -configuration c:\Users\rafae\AppData\Roaming\Code\User\globalStorage\redhat.java\1.49.0\config_win -data c:\Users\rafae\AppData\Roaming\Code\User\workspaceStorage\913dfa4cee56fe9961c38b572c234507\redhat.java\jdt_ws --pipe=\\.\pipe\lsp-fae22a42b89b152e82d4b4af73f62dc5-sock

Host: 13th Gen Intel(R) Core(TM) i5-13450HX, 16 cores, 15G,  Windows 11 , 64 bit Build 26100 (10.0.26100.7019)
Time: Fri Nov 21 16:35:58 2025 Hora oficial do Brasil elapsed time: 5390.746683 seconds (0d 1h 29m 50s)

---------------  T H R E A D  ---------------

Current thread (0x00000144fc34bcc0):  JavaThread "Attach Listener" daemon [_thread_in_vm, id=3592, stack(0x000000191bc00000,0x000000191bd00000) (1024K)]

Stack: [0x000000191bc00000,0x000000191bd00000]
Native frames: (J=compiled Java code, j=interpreted, Vv=VM code, C=native code)
V  [jvm.dll+0x6d6e29]
V  [jvm.dll+0x8b4b76]
V  [jvm.dll+0x8b712e]
V  [jvm.dll+0x8b7813]
V  [jvm.dll+0x283d86]
V  [jvm.dll+0xc1277]
V  [jvm.dll+0x6d76d9]
V  [jvm.dll+0x133466]
V  [jvm.dll+0x3f7ea6]
V  [jvm.dll+0x85e9ad]
V  [jvm.dll+0x6d565d]
C  [ucrtbase.dll+0x37b0]
C  [KERNEL32.DLL+0x2e8d7]
C  [ntdll.dll+0x8c53c]


---------------  P R O C E S S  ---------------

Threads class SMR info:
_java_thread_list=0x00000144fe0d23e0, length=43, elements={
0x00000144e43e2a60, 0x00000144fc3483a0, 0x00000144e438d240, 0x00000144fc34b270,
0x00000144fc34bcc0, 0x00000144fc353210, 0x00000144fc351270, 0x00000144fc37b7e0,
0x00000144fc37fdf0, 0x00000144fc571e80, 0x00000144fda5fc30, 0x00000144fdf1f0a0,
0x00000144fc408db0, 0x00000144fe28e2b0, 0x00000144fe27a790, 0x00000144fe90d1e0,
0x00000144fe865dd0, 0x00000144fe0874e0, 0x00000144fe088f20, 0x00000144fe087b70,
0x00000144fe088200, 0x00000144fe088890, 0x00000144c75ea5b0, 0x00000144c75eac40,
0x00000144c75e9200, 0x00000144c75e9f20, 0x00000144c75e9890, 0x00000144c75e84e0,
0x00000144c75e8b70, 0x00000144c75eb2d0, 0x00000144c75e7e50, 0x00000144c75ebff0,
0x00000144c75ed3a0, 0x00000144c75ee0c0, 0x00000144c75eda30, 0x00000144c75ec680,
0x00000144c75ee750, 0x00000144c75ecd10, 0x00000144c75eede0, 0x00000144c84c9520,
0x00000144c84c8800, 0x00000144d3039980, 0x00000144d303a010
}

Java Threads: ( => current thread )
  0x00000144e43e2a60 JavaThread "main"                              [_thread_blocked, id=8704, stack(0x000000191b500000,0x000000191b600000) (1024K)]
  0x00000144fc3483a0 JavaThread "Reference Handler"          daemon [_thread_blocked, id=21352, stack(0x000000191b900000,0x000000191ba00000) (1024K)]
  0x00000144e438d240 JavaThread "Finalizer"                  daemon [_thread_blocked, id=9048, stack(0x000000191ba00000,0x000000191bb00000) (1024K)]
  0x00000144fc34b270 JavaThread "Signal Dispatcher"          daemon [_thread_blocked, id=19880, stack(0x000000191bb00000,0x000000191bc00000) (1024K)]
=>0x00000144fc34bcc0 JavaThread "Attach Listener"            daemon [_thread_in_vm, id=3592, stack(0x000000191bc00000,0x000000191bd00000) (1024K)]
  0x00000144fc353210 JavaThread "Service Thread"             daemon [_thread_blocked, id=14664, stack(0x000000191bd00000,0x000000191be00000) (1024K)]
  0x00000144fc351270 JavaThread "Monitor Deflation Thread"   daemon [_thread_blocked, id=18640, stack(0x000000191be00000,0x000000191bf00000) (1024K)]
  0x00000144fc37b7e0 JavaThread "C2 CompilerThread0"         daemon [_thread_blocked, id=1792, stack(0x000000191bf00000,0x000000191c000000) (1024K)]
  0x00000144fc37fdf0 JavaThread "C1 CompilerThread0"         daemon [_thread_blocked, id=17580, stack(0x000000191c000000,0x000000191c100000) (1024K)]
  0x00000144fc571e80 JavaThread "Common-Cleaner"             daemon [_thread_blocked, id=2972, stack(0x000000191c400000,0x000000191c500000) (1024K)]
  0x00000144fda5fc30 JavaThread "Notification Thread"        daemon [_thread_blocked, id=3096, stack(0x000000191c700000,0x000000191c800000) (1024K)]
  0x00000144fdf1f0a0 JavaThread "Active Thread: Equinox Container: 6457eb11-0ea6-4658-8278-c009f7341937"        [_thread_blocked, id=11952, stack(0x000000191cf00000,0x000000191d000000) (1024K)]
  0x00000144fc408db0 JavaThread "Refresh Thread: Equinox Container: 6457eb11-0ea6-4658-8278-c009f7341937" daemon [_thread_blocked, id=1952, stack(0x000000191c100000,0x000000191c200000) (1024K)]
  0x00000144fe28e2b0 JavaThread "Framework Event Dispatcher: Equinox Container: 6457eb11-0ea6-4658-8278-c009f7341937" daemon [_thread_blocked, id=17708, stack(0x000000191c200000,0x000000191c300000) (1024K)]
  0x00000144fe27a790 JavaThread "Start Level: Equinox Container: 6457eb11-0ea6-4658-8278-c009f7341937" daemon [_thread_blocked, id=15024, stack(0x000000191c300000,0x000000191c400000) (1024K)]
  0x00000144fe90d1e0 JavaThread "Bundle File Closer"         daemon [_thread_blocked, id=23776, stack(0x000000191d200000,0x000000191d300000) (1024K)]
  0x00000144fe865dd0 JavaThread "SCR Component Actor"        daemon [_thread_blocked, id=3552, stack(0x000000191d300000,0x000000191d400000) (1024K)]
  0x00000144fe0874e0 JavaThread "Worker-JM"                         [_thread_blocked, id=18448, stack(0x000000191d900000,0x000000191da00000) (1024K)]
  0x00000144fe088f20 JavaThread "Java indexing"              daemon [_thread_blocked, id=15536, stack(0x000000191de00000,0x000000191df00000) (1024K)]
  0x00000144fe087b70 JavaThread "JNA Cleaner"                daemon [_thread_blocked, id=7408, stack(0x000000191df00000,0x000000191e000000) (1024K)]
  0x00000144fe088200 JavaThread "Worker-3"                          [_thread_blocked, id=18384, stack(0x000000191e300000,0x000000191e400000) (1024K)]
  0x00000144fe088890 JavaThread "Thread-1"                   daemon [_thread_in_native, id=5148, stack(0x000000191e400000,0x000000191e500000) (1024K)]
  0x00000144c75ea5b0 JavaThread "Thread-2"                   daemon [_thread_in_native, id=14628, stack(0x000000191e500000,0x000000191e600000) (1024K)]
  0x00000144c75eac40 JavaThread "Thread-3"                   daemon [_thread_in_native, id=24280, stack(0x000000191e600000,0x000000191e700000) (1024K)]
  0x00000144c75e9200 JavaThread "Thread-4"                   daemon [_thread_in_native, id=20940, stack(0x000000191e700000,0x000000191e800000) (1024K)]
  0x00000144c75e9f20 JavaThread "Thread-5"                   daemon [_thread_in_native, id=18368, stack(0x000000191e800000,0x000000191e900000) (1024K)]
  0x00000144c75e9890 JavaThread "Thread-6"                   daemon [_thread_in_native, id=18452, stack(0x000000191e900000,0x000000191ea00000) (1024K)]
  0x00000144c75e84e0 JavaThread "Thread-7"                   daemon [_thread_in_native, id=14360, stack(0x000000191ea00000,0x000000191eb00000) (1024K)]
  0x00000144c75e8b70 JavaThread "Thread-8"                   daemon [_thread_in_native, id=14032, stack(0x000000191eb00000,0x000000191ec00000) (1024K)]
  0x00000144c75eb2d0 JavaThread "Thread-9"                   daemon [_thread_in_native, id=22520, stack(0x000000191ec00000,0x000000191ed00000) (1024K)]
  0x00000144c75e7e50 JavaThread "Thread-10"                  daemon [_thread_in_native, id=9912, stack(0x000000191ed00000,0x000000191ee00000) (1024K)]
  0x00000144c75ebff0 JavaThread "Thread-11"                  daemon [_thread_in_native, id=23892, stack(0x000000191ee00000,0x000000191ef00000) (1024K)]
  0x00000144c75ed3a0 JavaThread "Thread-12"                  daemon [_thread_in_native, id=8992, stack(0x000000191ef00000,0x000000191f000000) (1024K)]
  0x00000144c75ee0c0 JavaThread "Thread-13"                  daemon [_thread_in_native, id=21848, stack(0x000000191f000000,0x000000191f100000) (1024K)]
  0x00000144c75eda30 JavaThread "Thread-14"                  daemon [_thread_in_native, id=15524, stack(0x000000191f100000,0x000000191f200000) (1024K)]
  0x00000144c75ec680 JavaThread "Thread-15"                  daemon [_thread_in_native, id=23732, stack(0x000000191f200000,0x000000191f300000) (1024K)]
  0x00000144c75ee750 JavaThread "Thread-16"                  daemon [_thread_in_native, id=23760, stack(0x000000191f300000,0x000000191f400000) (1024K)]
  0x00000144c75ecd10 JavaThread "Thread-17"                  daemon [_thread_in_native, id=4304, stack(0x000000191f400000,0x000000191f500000) (1024K)]
  0x00000144c75eede0 JavaThread "pool-2-thread-1"                   [_thread_blocked, id=3952, stack(0x000000191f500000,0x000000191f600000) (1024K)]
  0x00000144c84c9520 JavaThread "WorkspaceEventsHandler"            [_thread_blocked, id=17524, stack(0x000000191fd00000,0x000000191fe00000) (1024K)]
  0x00000144c84c8800 JavaThread "pool-1-thread-1"                   [_thread_blocked, id=3136, stack(0x000000191fe00000,0x000000191ff00000) (1024K)]
  0x00000144d3039980 JavaThread "Cleaner-0"                  daemon [_thread_blocked, id=16636, stack(0x0000001920700000,0x0000001920800000) (1024K)]
  0x00000144d303a010 JavaThread "Worker-10"                         [_thread_blocked, id=9864, stack(0x000000191b200000,0x000000191b300000) (1024K)]
Total: 43

Other Threads:
  0x00000144e213eb40 VMThread "VM Thread"                           [id=14668, stack(0x000000191b800000,0x000000191b900000) (1024K)]
  0x00000144e426ca00 WatcherThread "VM Periodic Task Thread"        [id=18540, stack(0x000000191b700000,0x000000191b800000) (1024K)]
  0x00000144e4400f30 WorkerThread "GC Thread#0"                     [id=7660, stack(0x000000191b600000,0x000000191b700000) (1024K)]
  0x00000144fdb86480 WorkerThread "GC Thread#1"                     [id=22728, stack(0x000000191c900000,0x000000191ca00000) (1024K)]
  0x00000144fdb8a6e0 WorkerThread "GC Thread#2"                     [id=1656, stack(0x000000191ca00000,0x000000191cb00000) (1024K)]
  0x00000144fdb8aa80 WorkerThread "GC Thread#3"                     [id=17984, stack(0x000000191cb00000,0x000000191cc00000) (1024K)]
  0x00000144fddb4290 WorkerThread "GC Thread#4"                     [id=11460, stack(0x000000191cc00000,0x000000191cd00000) (1024K)]
  0x00000144fddb4e40 WorkerThread "GC Thread#5"                     [id=11628, stack(0x000000191cd00000,0x000000191ce00000) (1024K)]
  0x00000144fddb51e0 WorkerThread "GC Thread#6"                     [id=2068, stack(0x000000191ce00000,0x000000191cf00000) (1024K)]
  0x00000144fe2ba5e0 WorkerThread "GC Thread#7"                     [id=2968, stack(0x000000191d000000,0x000000191d100000) (1024K)]
  0x00000144fe2bb800 WorkerThread "GC Thread#8"                     [id=10360, stack(0x000000191c600000,0x000000191c700000) (1024K)]
  0x00000144fe2ba240 WorkerThread "GC Thread#9"                     [id=19856, stack(0x000000191c800000,0x000000191c900000) (1024K)]
  0x00000144fe2ba980 WorkerThread "GC Thread#10"                    [id=23128, stack(0x000000191d100000,0x000000191d200000) (1024K)]
  0x00000144fe2bb0c0 WorkerThread "GC Thread#11"                    [id=21688, stack(0x000000191d400000,0x000000191d500000) (1024K)]
  0x00000144fe2b9ea0 WorkerThread "GC Thread#12"                    [id=24328, stack(0x000000191da00000,0x000000191db00000) (1024K)]
Total: 15

Threads with active compile tasks:
Total: 0

VM state: not at safepoint (normal execution)

VM Mutex/Monitor currently owned by a thread: None

Heap address: 0x0000000080000000, size: 2048 MB, Compressed Oops mode: 32-bit

CDS archive(s) mapped at: [0x0000014480000000-0x0000014480ba0000-0x0000014480ba0000), size 12189696, SharedBaseAddress: 0x0000014480000000, ArchiveRelocationMode: 1.
Compressed class space mapped at: 0x0000014481000000-0x00000144c1000000, reserved size: 1073741824
Narrow klass base: 0x0000014480000000, Narrow klass shift: 0, Narrow klass range: 0x100000000

GC Precious Log:
 CardTable entry size: 512
 CPUs: 16 total, 16 available
 Memory: 16068M
 Large Page Support: Disabled
 NUMA Support: Disabled
 Compressed Oops: Enabled (32-bit)
 Alignments: Space 512K, Generation 512K, Heap 2M
 Heap Min Capacity: 100M
 Heap Initial Capacity: 100M
 Heap Max Capacity: 2G
 Pre-touch: Disabled
 Parallel Workers: 13

Heap:
 PSYoungGen      total 5632K, used 504K [0x00000000d5580000, 0x00000000d5f00000, 0x0000000100000000)
  eden space 3072K, 3% used [0x00000000d5580000,0x00000000d559e130,0x00000000d5880000)
  from space 2560K, 15% used [0x00000000d5b00000,0x00000000d5b60000,0x00000000d5d80000)
  to   space 1024K, 0% used [0x00000000d5e00000,0x00000000d5e00000,0x00000000d5f00000)
 ParOldGen       total 547328K, used 547122K [0x0000000080000000, 0x00000000a1680000, 0x00000000d5580000)
  object space 547328K, 99% used [0x0000000080000000,0x00000000a164caa0,0x00000000a1680000)
 Metaspace       used 70721K, committed 72128K, reserved 1114112K
  class space    used 7437K, committed 8064K, reserved 1048576K

Card table byte_map: [0x00000144e3d80000,0x00000144e4190000] _byte_map_base: 0x00000144e3980000

Marking Bits: (ParMarkBitMap*) 0x00007ffa47392460
 Begin Bits: [0x00000144f6890000, 0x00000144f8890000)
 End Bits:   [0x00000144f8890000, 0x00000144fa890000)

Polling page: 0x00000144e2000000

Metaspace:

Usage:
  Non-class:     61.80 MB used.
      Class:      7.26 MB used.
       Both:     69.06 MB used.

Virtual space:
  Non-class space:       64.00 MB reserved,      62.56 MB ( 98%) committed,  1 nodes.
      Class space:        1.00 GB reserved,       7.88 MB ( <1%) committed,  1 nodes.
             Both:        1.06 GB reserved,      70.44 MB (  6%) committed. 

Chunk freelists:
   Non-Class:  1.47 MB
       Class:  7.95 MB
        Both:  9.42 MB

MaxMetaspaceSize: unlimited
CompressedClassSpaceSize: 1.00 GB
Initial GC threshold: 21.00 MB
Current GC threshold: 97.31 MB
CDS: on
 - commit_granule_bytes: 65536.
 - commit_granule_words: 8192.
 - virtual_space_node_default_size: 8388608.
 - enlarge_chunks_in_place: 1.
 - use_allocation_guard: 0.


Internal statistics:

num_allocs_failed_limit: 9.
num_arena_births: 1184.
num_arena_deaths: 14.
num_vsnodes_births: 2.
num_vsnodes_deaths: 0.
num_space_committed: 1127.
num_space_uncommitted: 0.
num_chunks_returned_to_freelist: 23.
num_chunks_taken_from_freelist: 4305.
num_chunk_merges: 12.
num_chunk_splits: 2650.
num_chunks_enlarged: 1533.
num_inconsistent_stats: 0.

CodeHeap 'non-profiled nmethods': size=119168Kb used=9856Kb max_used=9856Kb free=109311Kb
 bounds [0x00000144ef180000, 0x00000144efb30000, 0x00000144f65e0000]
CodeHeap 'profiled nmethods': size=119104Kb used=27367Kb max_used=27367Kb free=91736Kb
 bounds [0x00000144e75e0000, 0x00000144e90a0000, 0x00000144eea30000]
CodeHeap 'non-nmethods': size=7488Kb used=1501Kb max_used=3260Kb free=5986Kb
 bounds [0x00000144eea30000, 0x00000144eeda0000, 0x00000144ef180000]
CodeCache: size=245760Kb, used=38724Kb, max_used=40483Kb, free=207033Kb
 total_blobs=12115, nmethods=11292, adapters=725, full_count=0
Compilation: enabled, stopped_count=0, restarted_count=0

Compilation events (20 events):
Event: 3865.184 Thread 0x00000144fc37fdf0 12050       3       java.lang.ref.ReferenceQueue::remove0 (64 bytes)
Event: 3865.184 Thread 0x00000144fc37fdf0 nmethod 12050 0x00000144e9094090 code [0x00000144e90942a0, 0x00000144e9094720]
Event: 3866.104 Thread 0x00000144fc37fdf0 12051       1       com.sun.jna.internal.Cleaner::access$200 (5 bytes)
Event: 3866.104 Thread 0x00000144fc37fdf0 nmethod 12051 0x00000144efb1fe10 code [0x00000144efb1ffa0, 0x00000144efb20050]
Event: 3866.891 Thread 0x00000144fc37fdf0 12052       3       java.lang.ProcessHandleImpl::get (51 bytes)
Event: 3866.892 Thread 0x00000144fc37fdf0 nmethod 12052 0x00000144e9094890 code [0x00000144e9094aa0, 0x00000144e90950a8]
Event: 3866.892 Thread 0x00000144fc37fdf0 12053       3       java.lang.ProcessHandleImpl::isAlive (44 bytes)
Event: 3866.892 Thread 0x00000144fc37fdf0 nmethod 12053 0x00000144e9095310 code [0x00000144e90954c0, 0x00000144e9095720]
Event: 3922.976 Thread 0x00000144fc37fdf0 12054       3       org.eclipse.core.internal.resources.MarkerAttributeMap::shareStrings (92 bytes)
Event: 3922.977 Thread 0x00000144fc37fdf0 nmethod 12054 0x00000144e9095810 code [0x00000144e9095aa0, 0x00000144e9096950]
Event: 4076.147 Thread 0x00000144fc37fdf0 12055       3       java.util.concurrent.locks.AbstractQueuedSynchronizer$ConditionObject::await (202 bytes)
Event: 4076.149 Thread 0x00000144fc37fdf0 nmethod 12055 0x00000144e9096c90 code [0x00000144e9096fa0, 0x00000144e9097e38]
Event: 4126.570 Thread 0x00000144fc37fdf0 12056       3       java.lang.ref.ReferenceQueue::await (15 bytes)
Event: 4126.570 Thread 0x00000144fc37fdf0 nmethod 12056 0x00000144e9098490 code [0x00000144e9098640, 0x00000144e90987e0]
Event: 4822.978 Thread 0x00000144fc37fdf0 12057       3       org.eclipse.jdt.ls.core.internal.handlers.ProgressReporterManager$ProgressReporter::<init> (36 bytes)
Event: 4822.981 Thread 0x00000144fc37fdf0 nmethod 12057 0x00000144e9098910 code [0x00000144e9098ae0, 0x00000144e9098de8]
Event: 4822.981 Thread 0x00000144fc37fdf0 12058       3       org.eclipse.core.internal.resources.MarkerInfo::shareStrings (21 bytes)
Event: 4822.982 Thread 0x00000144fc37fdf0 nmethod 12058 0x00000144e9098f90 code [0x00000144e9099160, 0x00000144e9099340]
Event: 4822.982 Thread 0x00000144fc37fdf0 12059       3       org.eclipse.jdt.ls.core.internal.handlers.ProgressReporterManager$ProgressReporter::sendProgress (78 bytes)
Event: 4822.984 Thread 0x00000144fc37fdf0 nmethod 12059 0x00000144e9099490 code [0x00000144e90996a0, 0x00000144e9099cf8]

GC Heap History (20 events):
Event: 1846.317 GC heap before
{Heap before GC invocations=375 (full 3):
 PSYoungGen      total 1536K, used 1520K [0x00000000d5580000, 0x00000000d5880000, 0x0000000100000000)
  eden space 1024K, 100% used [0x00000000d5580000,0x00000000d5680000,0x00000000d5680000)
  from space 512K, 96% used [0x00000000d5700000,0x00000000d577c058,0x00000000d5780000)
  to   space 1024K, 0% used [0x00000000d5780000,0x00000000d5780000,0x00000000d5880000)
 ParOldGen       total 535552K, used 535374K [0x0000000080000000, 0x00000000a0b00000, 0x00000000d5580000)
  object space 535552K, 99% used [0x0000000080000000,0x00000000a0ad3920,0x00000000a0b00000)
 Metaspace       used 70371K, committed 71744K, reserved 1114112K
  class space    used 7413K, committed 8064K, reserved 1048576K
}
Event: 1846.318 GC heap after
{Heap after GC invocations=375 (full 3):
 PSYoungGen      total 2048K, used 960K [0x00000000d5580000, 0x00000000d5900000, 0x0000000100000000)
  eden space 1024K, 0% used [0x00000000d5580000,0x00000000d5580000,0x00000000d5680000)
  from space 1024K, 93% used [0x00000000d5780000,0x00000000d5870000,0x00000000d5880000)
  to   space 1024K, 0% used [0x00000000d5680000,0x00000000d5680000,0x00000000d5780000)
 ParOldGen       total 536064K, used 535740K [0x0000000080000000, 0x00000000a0b80000, 0x00000000d5580000)
  object space 536064K, 99% used [0x0000000080000000,0x00000000a0b2f3b8,0x00000000a0b80000)
 Metaspace       used 70371K, committed 71744K, reserved 1114112K
  class space    used 7413K, committed 8064K, reserved 1048576K
}
Event: 1846.319 GC heap before
{Heap before GC invocations=376 (full 3):
 PSYoungGen      total 2048K, used 1984K [0x00000000d5580000, 0x00000000d5900000, 0x0000000100000000)
  eden space 1024K, 100% used [0x00000000d5580000,0x00000000d5680000,0x00000000d5680000)
  from space 1024K, 93% used [0x00000000d5780000,0x00000000d5870000,0x00000000d5880000)
  to   space 1024K, 0% used [0x00000000d5680000,0x00000000d5680000,0x00000000d5780000)
 ParOldGen       total 536064K, used 535740K [0x0000000080000000, 0x00000000a0b80000, 0x00000000d5580000)
  object space 536064K, 99% used [0x0000000080000000,0x00000000a0b2f3b8,0x00000000a0b80000)
 Metaspace       used 70374K, committed 71744K, reserved 1114112K
  class space    used 7413K, committed 8064K, reserved 1048576K
}
Event: 1846.321 GC heap after
{Heap after GC invocations=376 (full 3):
 PSYoungGen      total 2048K, used 1024K [0x00000000d5580000, 0x00000000d5b00000, 0x0000000100000000)
  eden space 1024K, 0% used [0x00000000d5580000,0x00000000d5580000,0x00000000d5680000)
  from space 1024K, 100% used [0x00000000d5680000,0x00000000d5780000,0x00000000d5780000)
  to   space 2048K, 0% used [0x00000000d5900000,0x00000000d5900000,0x00000000d5b00000)
 ParOldGen       total 536576K, used 536572K [0x0000000080000000, 0x00000000a0c00000, 0x00000000d5580000)
  object space 536576K, 99% used [0x0000000080000000,0x00000000a0bff3c8,0x00000000a0c00000)
 Metaspace       used 70374K, committed 71744K, reserved 1114112K
  class space    used 7413K, committed 8064K, reserved 1048576K
}
Event: 1846.321 GC heap before
{Heap before GC invocations=377 (full 3):
 PSYoungGen      total 2048K, used 2048K [0x00000000d5580000, 0x00000000d5b00000, 0x0000000100000000)
  eden space 1024K, 100% used [0x00000000d5580000,0x00000000d5680000,0x00000000d5680000)
  from space 1024K, 100% used [0x00000000d5680000,0x00000000d5780000,0x00000000d5780000)
  to   space 2048K, 0% used [0x00000000d5900000,0x00000000d5900000,0x00000000d5b00000)
 ParOldGen       total 536576K, used 536572K [0x0000000080000000, 0x00000000a0c00000, 0x00000000d5580000)
  object space 536576K, 99% used [0x0000000080000000,0x00000000a0bff3c8,0x00000000a0c00000)
 Metaspace       used 70374K, committed 71744K, reserved 1114112K
  class space    used 7413K, committed 8064K, reserved 1048576K
}
Event: 1846.322 GC heap after
{Heap after GC invocations=377 (full 3):
 PSYoungGen      total 3072K, used 1056K [0x00000000d5580000, 0x00000000d5a80000, 0x0000000100000000)
  eden space 1536K, 0% used [0x00000000d5580000,0x00000000d5580000,0x00000000d5700000)
  from space 1536K, 68% used [0x00000000d5900000,0x00000000d5a08000,0x00000000d5a80000)
  to   space 1536K, 0% used [0x00000000d5780000,0x00000000d5780000,0x00000000d5900000)
 ParOldGen       total 537600K, used 537452K [0x0000000080000000, 0x00000000a0d00000, 0x00000000d5580000)
  object space 537600K, 99% used [0x0000000080000000,0x00000000a0cdb3c8,0x00000000a0d00000)
 Metaspace       used 70374K, committed 71744K, reserved 1114112K
  class space    used 7413K, committed 8064K, reserved 1048576K
}
Event: 1846.324 GC heap before
{Heap before GC invocations=378 (full 3):
 PSYoungGen      total 3072K, used 2592K [0x00000000d5580000, 0x00000000d5a80000, 0x0000000100000000)
  eden space 1536K, 100% used [0x00000000d5580000,0x00000000d5700000,0x00000000d5700000)
  from space 1536K, 68% used [0x00000000d5900000,0x00000000d5a08000,0x00000000d5a80000)
  to   space 1536K, 0% used [0x00000000d5780000,0x00000000d5780000,0x00000000d5900000)
 ParOldGen       total 537600K, used 537452K [0x0000000080000000, 0x00000000a0d00000, 0x00000000d5580000)
  object space 537600K, 99% used [0x0000000080000000,0x00000000a0cdb3c8,0x00000000a0d00000)
 Metaspace       used 70376K, committed 71744K, reserved 1114112K
  class space    used 7413K, committed 8064K, reserved 1048576K
}
Event: 1846.325 GC heap after
{Heap after GC invocations=378 (full 3):
 PSYoungGen      total 3584K, used 1536K [0x00000000d5580000, 0x00000000d5d80000, 0x0000000100000000)
  eden space 2048K, 0% used [0x00000000d5580000,0x00000000d5580000,0x00000000d5780000)
  from space 1536K, 100% used [0x00000000d5780000,0x00000000d5900000,0x00000000d5900000)
  to   space 3072K, 0% used [0x00000000d5a80000,0x00000000d5a80000,0x00000000d5d80000)
 ParOldGen       total 538624K, used 538356K [0x0000000080000000, 0x00000000a0e00000, 0x00000000d5580000)
  object space 538624K, 99% used [0x0000000080000000,0x00000000a0dbd3e8,0x00000000a0e00000)
 Metaspace       used 70376K, committed 71744K, reserved 1114112K
  class space    used 7413K, committed 8064K, reserved 1048576K
}
Event: 1846.329 GC heap before
{Heap before GC invocations=379 (full 3):
 PSYoungGen      total 3584K, used 3584K [0x00000000d5580000, 0x00000000d5d80000, 0x0000000100000000)
  eden space 2048K, 100% used [0x00000000d5580000,0x00000000d5780000,0x00000000d5780000)
  from space 1536K, 100% used [0x00000000d5780000,0x00000000d5900000,0x00000000d5900000)
  to   space 3072K, 0% used [0x00000000d5a80000,0x00000000d5a80000,0x00000000d5d80000)
 ParOldGen       total 538624K, used 538356K [0x0000000080000000, 0x00000000a0e00000, 0x00000000d5580000)
  object space 538624K, 99% used [0x0000000080000000,0x00000000a0dbd3e8,0x00000000a0e00000)
 Metaspace       used 70413K, committed 71808K, reserved 1114112K
  class space    used 7413K, committed 8064K, reserved 1048576K
}
Event: 1846.330 GC heap after
{Heap after GC invocations=379 (full 3):
 PSYoungGen      total 4608K, used 1632K [0x00000000d5580000, 0x00000000d5c80000, 0x0000000100000000)
  eden space 2560K, 0% used [0x00000000d5580000,0x00000000d5580000,0x00000000d5800000)
  from space 2048K, 79% used [0x00000000d5a80000,0x00000000d5c18000,0x00000000d5c80000)
  to   space 2048K, 0% used [0x00000000d5880000,0x00000000d5880000,0x00000000d5a80000)
 ParOldGen       total 540160K, used 539780K [0x0000000080000000, 0x00000000a0f80000, 0x00000000d5580000)
  object space 540160K, 99% used [0x0000000080000000,0x00000000a0f213e8,0x00000000a0f80000)
 Metaspace       used 70413K, committed 71808K, reserved 1114112K
  class space    used 7413K, committed 8064K, reserved 1048576K
}
Event: 1846.336 GC heap before
{Heap before GC invocations=380 (full 3):
 PSYoungGen      total 4608K, used 3771K [0x00000000d5580000, 0x00000000d5c80000, 0x0000000100000000)
  eden space 2560K, 83% used [0x00000000d5580000,0x00000000d5796f60,0x00000000d5800000)
  from space 2048K, 79% used [0x00000000d5a80000,0x00000000d5c18000,0x00000000d5c80000)
  to   space 2048K, 0% used [0x00000000d5880000,0x00000000d5880000,0x00000000d5a80000)
 ParOldGen       total 540160K, used 539780K [0x0000000080000000, 0x00000000a0f80000, 0x00000000d5580000)
  object space 540160K, 99% used [0x0000000080000000,0x00000000a0f213e8,0x00000000a0f80000)
 Metaspace       used 70476K, committed 71872K, reserved 1114112K
  class space    used 7414K, committed 8064K, reserved 1048576K
}
Event: 1846.338 GC heap after
{Heap after GC invocations=380 (full 3):
 PSYoungGen      total 5120K, used 1920K [0x00000000d5580000, 0x00000000d5c80000, 0x0000000100000000)
  eden space 3072K, 0% used [0x00000000d5580000,0x00000000d5580000,0x00000000d5880000)
  from space 2048K, 93% used [0x00000000d5880000,0x00000000d5a60000,0x00000000d5a80000)
  to   space 2048K, 0% used [0x00000000d5a80000,0x00000000d5a80000,0x00000000d5c80000)
 ParOldGen       total 541184K, used 541020K [0x0000000080000000, 0x00000000a1080000, 0x00000000d5580000)
  object space 541184K, 99% used [0x0000000080000000,0x00000000a10573e8,0x00000000a1080000)
 Metaspace       used 70476K, committed 71872K, reserved 1114112K
  class space    used 7414K, committed 8064K, reserved 1048576K
}
Event: 1846.348 GC heap before
{Heap before GC invocations=381 (full 3):
 PSYoungGen      total 5120K, used 4992K [0x00000000d5580000, 0x00000000d5c80000, 0x0000000100000000)
  eden space 3072K, 100% used [0x00000000d5580000,0x00000000d5880000,0x00000000d5880000)
  from space 2048K, 93% used [0x00000000d5880000,0x00000000d5a60000,0x00000000d5a80000)
  to   space 2048K, 0% used [0x00000000d5a80000,0x00000000d5a80000,0x00000000d5c80000)
 ParOldGen       total 541184K, used 541020K [0x0000000080000000, 0x00000000a1080000, 0x00000000d5580000)
  object space 541184K, 99% used [0x0000000080000000,0x00000000a10573e8,0x00000000a1080000)
 Metaspace       used 70565K, committed 71936K, reserved 1114112K
  class space    used 7428K, committed 8064K, reserved 1048576K
}
Event: 1846.349 GC heap after
{Heap after GC invocations=381 (full 3):
 PSYoungGen      total 5120K, used 1958K [0x00000000d5580000, 0x00000000d5d80000, 0x0000000100000000)
  eden space 3072K, 0% used [0x00000000d5580000,0x00000000d5580000,0x00000000d5880000)
  from space 2048K, 95% used [0x00000000d5a80000,0x00000000d5c69a40,0x00000000d5c80000)
  to   space 2048K, 0% used [0x00000000d5880000,0x00000000d5880000,0x00000000d5a80000)
 ParOldGen       total 542720K, used 542331K [0x0000000080000000, 0x00000000a1200000, 0x00000000d5580000)
  object space 542720K, 99% used [0x0000000080000000,0x00000000a119ef58,0x00000000a1200000)
 Metaspace       used 70565K, committed 71936K, reserved 1114112K
  class space    used 7428K, committed 8064K, reserved 1048576K
}
Event: 1846.397 GC heap before
{Heap before GC invocations=382 (full 3):
 PSYoungGen      total 5120K, used 5020K [0x00000000d5580000, 0x00000000d5d80000, 0x0000000100000000)
  eden space 3072K, 99% used [0x00000000d5580000,0x00000000d587d960,0x00000000d5880000)
  from space 2048K, 95% used [0x00000000d5a80000,0x00000000d5c69a40,0x00000000d5c80000)
  to   space 2048K, 0% used [0x00000000d5880000,0x00000000d5880000,0x00000000d5a80000)
 ParOldGen       total 542720K, used 542331K [0x0000000080000000, 0x00000000a1200000, 0x00000000d5580000)
  object space 542720K, 99% used [0x0000000080000000,0x00000000a119ef58,0x00000000a1200000)
 Metaspace       used 70565K, committed 71936K, reserved 1114112K
  class space    used 7428K, committed 8064K, reserved 1048576K
}
Event: 1846.398 GC heap after
{Heap after GC invocations=382 (full 3):
 PSYoungGen      total 5120K, used 2032K [0x00000000d5580000, 0x00000000d6380000, 0x0000000100000000)
  eden space 3072K, 0% used [0x00000000d5580000,0x00000000d5580000,0x00000000d5880000)
  from space 2048K, 99% used [0x00000000d5880000,0x00000000d5a7c000,0x00000000d5a80000)
  to   space 5120K, 0% used [0x00000000d5e80000,0x00000000d5e80000,0x00000000d6380000)
 ParOldGen       total 545280K, used 544810K [0x0000000080000000, 0x00000000a1480000, 0x00000000d5580000)
  object space 545280K, 99% used [0x0000000080000000,0x00000000a140a998,0x00000000a1480000)
 Metaspace       used 70565K, committed 71936K, reserved 1114112K
  class space    used 7428K, committed 8064K, reserved 1048576K
}
Event: 1846.442 GC heap before
{Heap before GC invocations=383 (full 3):
 PSYoungGen      total 5120K, used 5101K [0x00000000d5580000, 0x00000000d6380000, 0x0000000100000000)
  eden space 3072K, 99% used [0x00000000d5580000,0x00000000d587f4b8,0x00000000d5880000)
  from space 2048K, 99% used [0x00000000d5880000,0x00000000d5a7c000,0x00000000d5a80000)
  to   space 5120K, 0% used [0x00000000d5e80000,0x00000000d5e80000,0x00000000d6380000)
 ParOldGen       total 545280K, used 544810K [0x0000000080000000, 0x00000000a1480000, 0x00000000d5580000)
  object space 545280K, 99% used [0x0000000080000000,0x00000000a140a998,0x00000000a1480000)
 Metaspace       used 70614K, committed 72000K, reserved 1114112K
  class space    used 7428K, committed 8064K, reserved 1048576K
}
Event: 1846.444 GC heap after
{Heap after GC invocations=383 (full 3):
 PSYoungGen      total 4608K, used 1200K [0x00000000d5580000, 0x00000000d6000000, 0x0000000100000000)
  eden space 3072K, 0% used [0x00000000d5580000,0x00000000d5580000,0x00000000d5880000)
  from space 1536K, 78% used [0x00000000d5e80000,0x00000000d5fac030,0x00000000d6000000)
  to   space 2560K, 0% used [0x00000000d5b00000,0x00000000d5b00000,0x00000000d5d80000)
 ParOldGen       total 547328K, used 546898K [0x0000000080000000, 0x00000000a1680000, 0x00000000d5580000)
  object space 547328K, 99% used [0x0000000080000000,0x00000000a1614998,0x00000000a1680000)
 Metaspace       used 70614K, committed 72000K, reserved 1114112K
  class space    used 7428K, committed 8064K, reserved 1048576K
}
Event: 2146.430 GC heap before
{Heap before GC invocations=384 (full 3):
 PSYoungGen      total 4608K, used 4272K [0x00000000d5580000, 0x00000000d6000000, 0x0000000100000000)
  eden space 3072K, 100% used [0x00000000d5580000,0x00000000d5880000,0x00000000d5880000)
  from space 1536K, 78% used [0x00000000d5e80000,0x00000000d5fac030,0x00000000d6000000)
  to   space 2560K, 0% used [0x00000000d5b00000,0x00000000d5b00000,0x00000000d5d80000)
 ParOldGen       total 547328K, used 546898K [0x0000000080000000, 0x00000000a1680000, 0x00000000d5580000)
  object space 547328K, 99% used [0x0000000080000000,0x00000000a1614998,0x00000000a1680000)
 Metaspace       used 70699K, committed 72128K, reserved 1114112K
  class space    used 7437K, committed 8064K, reserved 1048576K
}
Event: 2146.432 GC heap after
{Heap after GC invocations=384 (full 3):
 PSYoungGen      total 5632K, used 384K [0x00000000d5580000, 0x00000000d5f00000, 0x0000000100000000)
  eden space 3072K, 0% used [0x00000000d5580000,0x00000000d5580000,0x00000000d5880000)
  from space 2560K, 15% used [0x00000000d5b00000,0x00000000d5b60000,0x00000000d5d80000)
  to   space 1024K, 0% used [0x00000000d5e00000,0x00000000d5e00000,0x00000000d5f00000)
 ParOldGen       total 547328K, used 547122K [0x0000000080000000, 0x00000000a1680000, 0x00000000d5580000)
  object space 547328K, 99% used [0x0000000080000000,0x00000000a164caa0,0x00000000a1680000)
 Metaspace       used 70699K, committed 72128K, reserved 1114112K
  class space    used 7437K, committed 8064K, reserved 1048576K
}

Dll operation events (14 events):
Event: 0.005 Loaded shared library c:\Users\rafae\.vscode\extensions\redhat.java-1.49.0-win32-x64\jre\21.0.9-win32-x86_64\bin\java.dll
Event: 0.038 Loaded shared library c:\Users\rafae\.vscode\extensions\redhat.java-1.49.0-win32-x64\jre\21.0.9-win32-x86_64\bin\zip.dll
Event: 0.051 Loaded shared library C:\Users\rafae\.vscode\extensions\redhat.java-1.49.0-win32-x64\jre\21.0.9-win32-x86_64\bin\instrument.dll
Event: 0.053 Loaded shared library C:\Users\rafae\.vscode\extensions\redhat.java-1.49.0-win32-x64\jre\21.0.9-win32-x86_64\bin\net.dll
Event: 0.054 Loaded shared library C:\Users\rafae\.vscode\extensions\redhat.java-1.49.0-win32-x64\jre\21.0.9-win32-x86_64\bin\nio.dll
Event: 0.056 Loaded shared library C:\Users\rafae\.vscode\extensions\redhat.java-1.49.0-win32-x64\jre\21.0.9-win32-x86_64\bin\zip.dll
Event: 0.065 Loaded shared library C:\Users\rafae\.vscode\extensions\redhat.java-1.49.0-win32-x64\jre\21.0.9-win32-x86_64\bin\jimage.dll
Event: 0.103 Loaded shared library c:\Users\rafae\.vscode\extensions\redhat.java-1.49.0-win32-x64\jre\21.0.9-win32-x86_64\bin\verify.dll
Event: 9.584 Loaded shared library C:\Users\rafae\AppData\Roaming\Code\User\globalStorage\redhat.java\1.49.0\config_win\org.eclipse.equinox.launcher\org.eclipse.equinox.launcher.win32.win32.x86_64_1.2.1400.v20250801-0854\eclipse_11916.dll
Event: 22.890 Loaded shared library C:\Users\rafae\.vscode\extensions\redhat.java-1.49.0-win32-x64\jre\21.0.9-win32-x86_64\bin\management.dll
Event: 22.891 Loaded shared library C:\Users\rafae\.vscode\extensions\redhat.java-1.49.0-win32-x64\jre\21.0.9-win32-x86_64\bin\management_ext.dll
Event: 23.857 Loaded shared library C:\Users\rafae\AppData\Local\Temp\jna-108272251\jna9097901951364542414.dll
Event: 23.948 Loaded shared library C:\Users\rafae\.vscode\extensions\redhat.java-1.49.0-win32-x64\jre\21.0.9-win32-x86_64\bin\sunmscapi.dll
Event: 24.300 Loaded shared library C:\Users\rafae\.vscode\extensions\redhat.java-1.49.0-win32-x64\jre\21.0.9-win32-x86_64\bin\extnet.dll

Deoptimization events (20 events):
Event: 1846.319 Thread 0x00000144fe088f20 DEOPT PACKING pc=0x00000144e8e3bb73 sp=0x000000191defeb60
Event: 1846.319 Thread 0x00000144fe088f20 DEOPT UNPACKING pc=0x00000144eea84242 sp=0x000000191defdff8 mode 0
Event: 1846.333 Thread 0x00000144fe086130 DEOPT PACKING pc=0x00000144e8708e76 sp=0x000000191fbfde80
Event: 1846.333 Thread 0x00000144fe086130 DEOPT UNPACKING pc=0x00000144eea84242 sp=0x000000191fbfd2e0 mode 0
Event: 1846.333 Thread 0x00000144fe086130 DEOPT PACKING pc=0x00000144e8708e76 sp=0x000000191fbfde70
Event: 1846.333 Thread 0x00000144fe086130 DEOPT UNPACKING pc=0x00000144eea84242 sp=0x000000191fbfd2d0 mode 0
Event: 1846.351 Thread 0x00000144fe088f20 Uncommon trap: trap_request=0xffffff45 fr.pc=0x00000144efadb808 relative=0x0000000000000628
Event: 1846.351 Thread 0x00000144fe088f20 Uncommon trap: reason=unstable_if action=reinterpret pc=0x00000144efadb808 method=org.eclipse.jdt.internal.core.index.DiskIndex.readStreamChars(Ljava/io/InputStream;)[C @ 114 c2
Event: 1846.351 Thread 0x00000144fe088f20 DEOPT PACKING pc=0x00000144efadb808 sp=0x000000191defec40
Event: 1846.351 Thread 0x00000144fe088f20 DEOPT UNPACKING pc=0x00000144eea83aa2 sp=0x000000191defeba0 mode 2
Event: 1846.399 Thread 0x00000144fe088f20 DEOPT PACKING pc=0x00000144e8e78904 sp=0x000000191defeb00
Event: 1846.399 Thread 0x00000144fe088f20 DEOPT UNPACKING pc=0x00000144eea84242 sp=0x000000191defe058 mode 0
Event: 1846.440 Thread 0x00000144d303a010 Uncommon trap: trap_request=0xffffffde fr.pc=0x00000144ef505258 relative=0x0000000000000df8
Event: 1846.440 Thread 0x00000144d303a010 Uncommon trap: reason=class_check action=maybe_recompile pc=0x00000144ef505258 method=java.util.HashMap.putVal(ILjava/lang/Object;Ljava/lang/Object;ZZ)Ljava/lang/Object; @ 203 c2
Event: 1846.440 Thread 0x00000144d303a010 DEOPT PACKING pc=0x00000144ef505258 sp=0x000000191f6fec20
Event: 1846.440 Thread 0x00000144d303a010 DEOPT UNPACKING pc=0x00000144eea83aa2 sp=0x000000191f6feab8 mode 2
Event: 1846.924 Thread 0x00000144fe088f20 DEOPT PACKING pc=0x00000144e8e78904 sp=0x000000191defeb00
Event: 1846.924 Thread 0x00000144fe088f20 DEOPT UNPACKING pc=0x00000144eea84242 sp=0x000000191defe058 mode 0
Event: 2067.612 Thread 0x00000144fe088200 DEOPT PACKING pc=0x00000144e83183ae sp=0x000000191e3fe7d0
Event: 2067.612 Thread 0x00000144fe088200 DEOPT UNPACKING pc=0x00000144eea84242 sp=0x000000191e3fdd28 mode 0

Classes loaded (20 events):
Event: 1767.582 Loading class java/util/concurrent/ConcurrentHashMap$KeySpliterator
Event: 1767.583 Loading class java/util/concurrent/ConcurrentHashMap$KeySpliterator done
Event: 1770.399 Loading class jdk/internal/event/SecurityPropertyModificationEvent
Event: 1770.399 Loading class jdk/internal/event/SecurityPropertyModificationEvent done
Event: 1770.433 Loading class java/util/zip/CheckedInputStream
Event: 1770.434 Loading class java/util/zip/CheckedInputStream done
Event: 1770.445 Loading class java/util/concurrent/ConcurrentHashMap$TreeNode
Event: 1770.445 Loading class java/util/concurrent/ConcurrentHashMap$TreeNode done
Event: 1770.445 Loading class java/util/concurrent/ConcurrentHashMap$TreeBin
Event: 1770.446 Loading class java/util/concurrent/ConcurrentHashMap$TreeBin done
Event: 1770.487 Loading class java/util/zip/GZIPInputStream$1
Event: 1770.488 Loading class java/util/zip/GZIPInputStream$1 done
Event: 1771.040 Loading class jdk/internal/ref/CleanerImpl$InnocuousThreadFactory
Event: 1771.041 Loading class jdk/internal/ref/CleanerImpl$InnocuousThreadFactory done
Event: 1771.777 Loading class java/util/stream/ReduceOps$5
Event: 1771.777 Loading class java/util/stream/ReduceOps$5 done
Event: 1771.778 Loading class java/util/stream/ReduceOps$CountingSink$OfRef
Event: 1771.780 Loading class java/util/stream/ReduceOps$CountingSink
Event: 1771.780 Loading class java/util/stream/ReduceOps$CountingSink done
Event: 1771.780 Loading class java/util/stream/ReduceOps$CountingSink$OfRef done

Classes unloaded (7 events):
Event: 23.310 Thread 0x00000144e213eb40 Unloading class 0x00000144811a9400 'java/lang/invoke/LambdaForm$MH+0x00000144811a9400'
Event: 23.310 Thread 0x00000144e213eb40 Unloading class 0x00000144811a9000 'java/lang/invoke/LambdaForm$MH+0x00000144811a9000'
Event: 23.310 Thread 0x00000144e213eb40 Unloading class 0x00000144811a8c00 'java/lang/invoke/LambdaForm$MH+0x00000144811a8c00'
Event: 23.310 Thread 0x00000144e213eb40 Unloading class 0x00000144811a8800 'java/lang/invoke/LambdaForm$MH+0x00000144811a8800'
Event: 23.310 Thread 0x00000144e213eb40 Unloading class 0x00000144811a8400 'java/lang/invoke/LambdaForm$BMH+0x00000144811a8400'
Event: 23.310 Thread 0x00000144e213eb40 Unloading class 0x00000144811a8000 'java/lang/invoke/LambdaForm$DMH+0x00000144811a8000'
Event: 23.310 Thread 0x00000144e213eb40 Unloading class 0x00000144811a6c00 'java/lang/invoke/LambdaForm$DMH+0x00000144811a6c00'

Classes redefined (0 events):
No events

Internal exceptions (20 events):
Event: 1770.176 Thread 0x00000144fe088f20 Exception <a 'sun/nio/fs/WindowsException'{0x00000000d55b6d98}> (0x00000000d55b6d98) 
thrown [s\src\hotspot\share\prims\jni.cpp, line 520]
Event: 1770.237 Thread 0x00000144fe088f20 Exception <a 'sun/nio/fs/WindowsException'{0x00000000d567c090}> (0x00000000d567c090) 
thrown [s\src\hotspot\share\prims\jni.cpp, line 520]
Event: 1770.365 Thread 0x00000144fe088f20 Exception <a 'sun/nio/fs/WindowsException'{0x00000000d5817b88}> (0x00000000d5817b88) 
thrown [s\src\hotspot\share\prims\jni.cpp, line 520]
Event: 1770.369 Thread 0x00000144c84c8800 Exception <a 'java/lang/IncompatibleClassChangeError'{0x00000000d58592c0}: Found class java.lang.Object, but interface was expected> (0x00000000d58592c0) 
thrown [s\src\hotspot\share\interpreter\linkResolver.cpp, line 840]
Event: 1770.394 Thread 0x00000144c84c8800 Exception <a 'java/lang/IncompatibleClassChangeError'{0x00000000d582ad00}: Found class java.lang.Object, but interface was expected> (0x00000000d582ad00) 
thrown [s\src\hotspot\share\interpreter\linkResolver.cpp, line 840]
Event: 1770.395 Thread 0x00000144c84c8800 Exception <a 'java/lang/IncompatibleClassChangeError'{0x00000000d5849530}: Found class java.lang.Object, but interface was expected> (0x00000000d5849530) 
thrown [s\src\hotspot\share\interpreter\linkResolver.cpp, line 840]
Event: 1770.396 Thread 0x00000144c84c8800 Exception <a 'java/lang/IncompatibleClassChangeError'{0x00000000d585a200}: Found class java.lang.Object, but interface was expected> (0x00000000d585a200) 
thrown [s\src\hotspot\share\interpreter\linkResolver.cpp, line 840]
Event: 1770.397 Thread 0x00000144c84c8800 Exception <a 'java/lang/IncompatibleClassChangeError'{0x00000000d5893ed0}: Found class java.lang.Object, but interface was expected> (0x00000000d5893ed0) 
thrown [s\src\hotspot\share\interpreter\linkResolver.cpp, line 840]
Event: 1770.398 Thread 0x00000144c84c8800 Exception <a 'java/lang/IncompatibleClassChangeError'{0x00000000d58cc128}: Found class java.lang.Object, but interface was expected> (0x00000000d58cc128) 
thrown [s\src\hotspot\share\interpreter\linkResolver.cpp, line 840]
Event: 1770.400 Thread 0x00000144c84c8800 Exception <a 'java/lang/IncompatibleClassChangeError'{0x00000000d5938488}: Found class java.lang.Object, but interface was expected> (0x00000000d5938488) 
thrown [s\src\hotspot\share\interpreter\linkResolver.cpp, line 840]
Event: 1770.401 Thread 0x00000144c84c8800 Exception <a 'java/lang/IncompatibleClassChangeError'{0x00000000d594d108}: Found class java.lang.Object, but interface was expected> (0x00000000d594d108) 
thrown [s\src\hotspot\share\interpreter\linkResolver.cpp, line 840]
Event: 1770.420 Thread 0x00000144c84cc9a0 Exception <a 'java/lang/NoSuchMethodError'{0x00000000d5994800}: 'java.lang.Object java.lang.invoke.DirectMethodHandle$Holder.invokeSpecial(java.lang.Object, java.lang.Object, java.lang.Object, java.lang.Object, int, java.lang.Object, java.lang.Object)'> (0x00000000d5994800) 
thrown [s\src\hotspot\share\interpreter\linkResolver.cpp, line 773]
Event: 1770.466 Thread 0x00000144c84cdd50 Implicit null exception at 0x00000144ef7954da to 0x00000144ef795533
Event: 1770.608 Thread 0x00000144c84c8800 Exception <a 'java/lang/NoSuchMethodError'{0x00000000d55afe50}: 'java.lang.Object java.lang.invoke.DirectMethodHandle$Holder.invokeStatic(java.lang.Object, int, int, java.lang.Object)'> (0x00000000d55afe50) 
thrown [s\src\hotspot\share\interpreter\linkResolver.cpp, line 773]
Event: 1771.129 Thread 0x00000144c84cd6c0 Implicit null exception at 0x00000144ef97c644 to 0x00000144ef97ef3c
Event: 1771.630 Thread 0x00000144c84c8800 Exception <a 'java/lang/IncompatibleClassChangeError'{0x00000000d5625180}: Found class java.lang.Object, but interface was expected> (0x00000000d5625180) 
thrown [s\src\hotspot\share\interpreter\linkResolver.cpp, line 840]
Event: 1771.630 Thread 0x00000144c84c8800 Exception <a 'java/lang/IncompatibleClassChangeError'{0x00000000d5629258}: Found class java.lang.Object, but interface was expected> (0x00000000d5629258) 
thrown [s\src\hotspot\share\interpreter\linkResolver.cpp, line 840]
Event: 1771.799 Thread 0x00000144fe088f20 Exception <a 'sun/nio/fs/WindowsException'{0x00000000d558c330}> (0x00000000d558c330) 
thrown [s\src\hotspot\share\prims\jni.cpp, line 520]
Event: 1846.309 Thread 0x00000144fe088f20 Exception <a 'sun/nio/fs/WindowsException'{0x00000000d56106c8}> (0x00000000d56106c8) 
thrown [s\src\hotspot\share\prims\jni.cpp, line 520]
Event: 1846.374 Thread 0x00000144fe088f20 Exception <a 'sun/nio/fs/WindowsException'{0x00000000d586e390}> (0x00000000d586e390) 
thrown [s\src\hotspot\share\prims\jni.cpp, line 520]

ZGC Phase Switch (0 events):
No events

VM Operations (20 events):
Event: 4690.441 Executing VM operation: HandshakeAllThreads (HandshakeForDeflation)
Event: 4690.441 Executing VM operation: HandshakeAllThreads (HandshakeForDeflation) done
Event: 4690.441 Executing VM operation: RendezvousGCThreads
Event: 4690.441 Executing VM operation: RendezvousGCThreads done
Event: 4750.609 Executing VM operation: HandshakeAllThreads (HandshakeForDeflation)
Event: 4750.609 Executing VM operation: HandshakeAllThreads (HandshakeForDeflation) done
Event: 4750.609 Executing VM operation: RendezvousGCThreads
Event: 4750.609 Executing VM operation: RendezvousGCThreads done
Event: 4991.051 Executing VM operation: HandshakeAllThreads (HandshakeForDeflation)
Event: 4991.051 Executing VM operation: HandshakeAllThreads (HandshakeForDeflation) done
Event: 4991.051 Executing VM operation: RendezvousGCThreads
Event: 4991.051 Executing VM operation: RendezvousGCThreads done
Event: 5051.195 Executing VM operation: HandshakeAllThreads (HandshakeForDeflation)
Event: 5051.195 Executing VM operation: HandshakeAllThreads (HandshakeForDeflation) done
Event: 5051.195 Executing VM operation: RendezvousGCThreads
Event: 5051.195 Executing VM operation: RendezvousGCThreads done
Event: 5231.358 Executing VM operation: HandshakeAllThreads (HandshakeForDeflation)
Event: 5231.358 Executing VM operation: HandshakeAllThreads (HandshakeForDeflation) done
Event: 5231.358 Executing VM operation: RendezvousGCThreads
Event: 5231.358 Executing VM operation: RendezvousGCThreads done

Memory protections (0 events):
No events

Nmethod flushes (20 events):
Event: 1766.582 Thread 0x00000144e213eb40 flushing  nmethod 0x00000144e7e5ab90
Event: 1766.582 Thread 0x00000144e213eb40 flushing  nmethod 0x00000144e7e5f590
Event: 1766.582 Thread 0x00000144e213eb40 flushing  nmethod 0x00000144e7e8da90
Event: 1766.582 Thread 0x00000144e213eb40 flushing  nmethod 0x00000144e7e98d90
Event: 1766.582 Thread 0x00000144e213eb40 flushing  nmethod 0x00000144e7e99910
Event: 1766.582 Thread 0x00000144e213eb40 flushing  nmethod 0x00000144e7e9a890
Event: 1766.582 Thread 0x00000144e213eb40 flushing  nmethod 0x00000144e7e9ae90
Event: 1766.582 Thread 0x00000144e213eb40 flushing  nmethod 0x00000144e7e9b710
Event: 1766.582 Thread 0x00000144e213eb40 flushing  nmethod 0x00000144e7e9ba90
Event: 1766.582 Thread 0x00000144e213eb40 flushing  nmethod 0x00000144e7e9db10
Event: 1766.582 Thread 0x00000144e213eb40 flushing  nmethod 0x00000144e7ec7390
Event: 1766.582 Thread 0x00000144e213eb40 flushing  nmethod 0x00000144e7edc310
Event: 1766.582 Thread 0x00000144e213eb40 flushing  nmethod 0x00000144e7ee7190
Event: 1766.582 Thread 0x00000144e213eb40 flushing  nmethod 0x00000144e7f3b890
Event: 1766.582 Thread 0x00000144e213eb40 flushing  nmethod 0x00000144e7f57a90
Event: 1766.582 Thread 0x00000144e213eb40 flushing  nmethod 0x00000144e7f5c290
Event: 1766.582 Thread 0x00000144e213eb40 flushing  nmethod 0x00000144e7f5c690
Event: 1766.582 Thread 0x00000144e213eb40 flushing  nmethod 0x00000144e7f62890
Event: 1766.582 Thread 0x00000144e213eb40 flushing  nmethod 0x00000144e7f72590
Event: 1766.582 Thread 0x00000144e213eb40 flushing  nmethod 0x00000144e7f7f810

Events (20 events):
Event: 2067.604 Thread 0x00000144d303e840 Thread exited: 0x00000144d303e840
Event: 2067.605 Thread 0x00000144fe088200 Thread added: 0x00000144d303eed0
Event: 2067.606 Thread 0x00000144d303eed0 Thread added: 0x00000144d3040fa0
Event: 2067.606 Thread 0x00000144d303eed0 Thread added: 0x00000144d3040910
Event: 2067.606 Thread 0x00000144d3040910 Thread exited: 0x00000144d3040910
Event: 2067.606 Thread 0x00000144d3040fa0 Thread exited: 0x00000144d3040fa0
Event: 2067.606 Thread 0x00000144d303eed0 Thread exited: 0x00000144d303eed0
Event: 2067.616 Thread 0x00000144fe085aa0 Thread exited: 0x00000144fe085aa0
Event: 2071.959 Thread 0x00000144d303ba50 Thread exited: 0x00000144d303ba50
Event: 2088.227 Thread 0x00000144d303ad30 Thread exited: 0x00000144d303ad30
Event: 2146.432 Thread 0x00000144d303b3c0 Thread exited: 0x00000144d303b3c0
Event: 2148.241 Thread 0x00000144c84cdd50 Thread exited: 0x00000144c84cdd50
Event: 2208.243 Thread 0x00000144d303c0e0 Thread exited: 0x00000144d303c0e0
Event: 2268.253 Thread 0x00000144d303a6a0 Thread exited: 0x00000144d303a6a0
Event: 2328.257 Thread 0x00000144c84cd030 Thread exited: 0x00000144c84cd030
Event: 2388.265 Thread 0x00000144fe086e50 Thread exited: 0x00000144fe086e50
Event: 2448.272 Thread 0x00000144c75ef470 Thread exited: 0x00000144c75ef470
Event: 2508.276 Thread 0x00000144c84ca8d0 Thread exited: 0x00000144c84ca8d0
Event: 2568.278 Thread 0x00000144c75eb960 Thread exited: 0x00000144c75eb960
Event: 2628.289 Thread 0x00000144d303c770 Thread exited: 0x00000144d303c770


Dynamic libraries:
0x00007ff6914b0000 - 0x00007ff6914be000 	c:\Users\rafae\.vscode\extensions\redhat.java-1.49.0-win32-x64\jre\21.0.9-win32-x86_64\bin\java.exe
0x00007ffb0c760000 - 0x00007ffb0c9c8000 	C:\WINDOWS\SYSTEM32\ntdll.dll
0x00007ffb0af20000 - 0x00007ffb0afe9000 	C:\WINDOWS\System32\KERNEL32.DLL
0x00007ffb09f20000 - 0x00007ffb0a318000 	C:\WINDOWS\System32\KERNELBASE.dll
0x00007ffb0a3b0000 - 0x00007ffb0a4fb000 	C:\WINDOWS\System32\ucrtbase.dll
0x00007ffadaa60000 - 0x00007ffadaa78000 	c:\Users\rafae\.vscode\extensions\redhat.java-1.49.0-win32-x64\jre\21.0.9-win32-x86_64\bin\jli.dll
0x00007ffa9bbc0000 - 0x00007ffa9bbde000 	c:\Users\rafae\.vscode\extensions\redhat.java-1.49.0-win32-x64\jre\21.0.9-win32-x86_64\bin\VCRUNTIME140.dll
0x00007ffb0a5f0000 - 0x00007ffb0a7b7000 	C:\WINDOWS\System32\USER32.dll
0x00007ffb09aa0000 - 0x00007ffb09ac7000 	C:\WINDOWS\System32\win32u.dll
0x00007ffaede00000 - 0x00007ffaee094000 	C:\WINDOWS\WinSxS\amd64_microsoft.windows.common-controls_6595b64144ccf1df_6.0.26100.7019_none_3e06ffa0e335b8a8\COMCTL32.dll
0x00007ffb0b9b0000 - 0x00007ffb0b9db000 	C:\WINDOWS\System32\GDI32.dll
0x00007ffb0c670000 - 0x00007ffb0c719000 	C:\WINDOWS\System32\msvcrt.dll
0x00007ffb09970000 - 0x00007ffb09a9c000 	C:\WINDOWS\System32\gdi32full.dll
0x00007ffb09ad0000 - 0x00007ffb09b73000 	C:\WINDOWS\System32\msvcp_win.dll
0x00007ffb0bfe0000 - 0x00007ffb0c011000 	C:\WINDOWS\System32\IMM32.DLL
0x00007ffacc1c0000 - 0x00007ffacc1cc000 	c:\Users\rafae\.vscode\extensions\redhat.java-1.49.0-win32-x64\jre\21.0.9-win32-x86_64\bin\vcruntime140_1.dll
0x00007ffa9b890000 - 0x00007ffa9b91d000 	c:\Users\rafae\.vscode\extensions\redhat.java-1.49.0-win32-x64\jre\21.0.9-win32-x86_64\bin\msvcp140.dll
0x00007ffa466d0000 - 0x00007ffa47470000 	c:\Users\rafae\.vscode\extensions\redhat.java-1.49.0-win32-x64\jre\21.0.9-win32-x86_64\bin\server\jvm.dll
0x00007ffb0aff0000 - 0x00007ffb0b0a4000 	C:\WINDOWS\System32\ADVAPI32.dll
0x00007ffb0c5c0000 - 0x00007ffb0c666000 	C:\WINDOWS\System32\sechost.dll
0x00007ffb0c340000 - 0x00007ffb0c458000 	C:\WINDOWS\System32\RPCRT4.dll
0x00007ffb0a560000 - 0x00007ffb0a5d4000 	C:\WINDOWS\System32\WS2_32.dll
0x00007ffb084d0000 - 0x00007ffb0852e000 	C:\WINDOWS\SYSTEM32\POWRPROF.dll
0x00007ffb03bd0000 - 0x00007ffb03c05000 	C:\WINDOWS\SYSTEM32\WINMM.dll
0x00007ffb024d0000 - 0x00007ffb024db000 	C:\WINDOWS\SYSTEM32\VERSION.dll
0x00007ffb084b0000 - 0x00007ffb084c4000 	C:\WINDOWS\SYSTEM32\UMPDC.dll
0x00007ffb08790000 - 0x00007ffb087ab000 	C:\WINDOWS\SYSTEM32\kernel.appcore.dll
0x00007ffab2f30000 - 0x00007ffab2f3a000 	c:\Users\rafae\.vscode\extensions\redhat.java-1.49.0-win32-x64\jre\21.0.9-win32-x86_64\bin\jimage.dll
0x00007ffb07010000 - 0x00007ffb07252000 	C:\WINDOWS\SYSTEM32\DBGHELP.DLL
0x00007ffb0bc50000 - 0x00007ffb0bfdb000 	C:\WINDOWS\System32\combase.dll
0x00007ffb0c020000 - 0x00007ffb0c0f7000 	C:\WINDOWS\System32\OLEAUT32.dll
0x00007ffad4740000 - 0x00007ffad477c000 	C:\WINDOWS\SYSTEM32\dbgcore.DLL
0x00007ffb09e70000 - 0x00007ffb09f15000 	C:\WINDOWS\System32\bcryptPrimitives.dll
0x00007ffab2a30000 - 0x00007ffab2a3f000 	c:\Users\rafae\.vscode\extensions\redhat.java-1.49.0-win32-x64\jre\21.0.9-win32-x86_64\bin\instrument.dll
0x00007ffa9bb70000 - 0x00007ffa9bb90000 	c:\Users\rafae\.vscode\extensions\redhat.java-1.49.0-win32-x64\jre\21.0.9-win32-x86_64\bin\java.dll
0x00007ffb0a7c0000 - 0x00007ffb0af0f000 	C:\WINDOWS\System32\SHELL32.dll
0x00007ffb09d00000 - 0x00007ffb09e6b000 	C:\WINDOWS\System32\wintypes.dll
0x00007ffb07370000 - 0x00007ffb07bcd000 	C:\WINDOWS\SYSTEM32\windows.storage.dll
0x00007ffb0b800000 - 0x00007ffb0b8f2000 	C:\WINDOWS\System32\SHCORE.dll
0x00007ffb0c100000 - 0x00007ffb0c167000 	C:\WINDOWS\System32\shlwapi.dll
0x00007ffb097d0000 - 0x00007ffb097f9000 	C:\WINDOWS\SYSTEM32\profapi.dll
0x00007ffa9bb50000 - 0x00007ffa9bb68000 	c:\Users\rafae\.vscode\extensions\redhat.java-1.49.0-win32-x64\jre\21.0.9-win32-x86_64\bin\zip.dll
0x00007ffab2ea0000 - 0x00007ffab2eb0000 	C:\Users\rafae\.vscode\extensions\redhat.java-1.49.0-win32-x64\jre\21.0.9-win32-x86_64\bin\net.dll
0x00007ffb03ca0000 - 0x00007ffb03dc8000 	C:\WINDOWS\SYSTEM32\WINHTTP.dll
0x00007ffb08d00000 - 0x00007ffb08d6b000 	C:\WINDOWS\system32\mswsock.dll
0x00007ffa9b870000 - 0x00007ffa9b886000 	C:\Users\rafae\.vscode\extensions\redhat.java-1.49.0-win32-x64\jre\21.0.9-win32-x86_64\bin\nio.dll
0x00007ffab2990000 - 0x00007ffab29a0000 	c:\Users\rafae\.vscode\extensions\redhat.java-1.49.0-win32-x64\jre\21.0.9-win32-x86_64\bin\verify.dll
0x00007ffa9b800000 - 0x00007ffa9b844000 	C:\Users\rafae\AppData\Roaming\Code\User\globalStorage\redhat.java\1.49.0\config_win\org.eclipse.equinox.launcher\org.eclipse.equinox.launcher.win32.win32.x86_64_1.2.1400.v20250801-0854\eclipse_11916.dll
0x00007ffb0c1a0000 - 0x00007ffb0c337000 	C:\WINDOWS\System32\ole32.dll
0x00007ffa9bb40000 - 0x00007ffa9bb4a000 	C:\Users\rafae\.vscode\extensions\redhat.java-1.49.0-win32-x64\jre\21.0.9-win32-x86_64\bin\management.dll
0x00007ffa9ba10000 - 0x00007ffa9ba1c000 	C:\Users\rafae\.vscode\extensions\redhat.java-1.49.0-win32-x64\jre\21.0.9-win32-x86_64\bin\management_ext.dll
0x00007ffb0c5b0000 - 0x00007ffb0c5b8000 	C:\WINDOWS\System32\PSAPI.DLL
0x00007ffb08fd0000 - 0x00007ffb08feb000 	C:\WINDOWS\SYSTEM32\CRYPTSP.dll
0x00007ffb086f0000 - 0x00007ffb0872a000 	C:\WINDOWS\system32\rsaenh.dll
0x00007ffb08db0000 - 0x00007ffb08ddb000 	C:\WINDOWS\SYSTEM32\USERENV.dll
0x00007ffb097a0000 - 0x00007ffb097ca000 	C:\WINDOWS\SYSTEM32\bcrypt.dll
0x00007ffb08fc0000 - 0x00007ffb08fcc000 	C:\WINDOWS\SYSTEM32\CRYPTBASE.dll
0x00007ffb08240000 - 0x00007ffb08274000 	C:\WINDOWS\SYSTEM32\IPHLPAPI.DLL
0x00007ffb0c460000 - 0x00007ffb0c46a000 	C:\WINDOWS\System32\NSI.dll
0x00007ffa9a3d0000 - 0x00007ffa9a419000 	C:\Users\rafae\AppData\Local\Temp\jna-108272251\jna9097901951364542414.dll
0x00007ffb03ff0000 - 0x00007ffb0400e000 	C:\WINDOWS\SYSTEM32\dhcpcsvc6.DLL
0x00007ffb03fc0000 - 0x00007ffb03fe3000 	C:\WINDOWS\SYSTEM32\dhcpcsvc.DLL
0x00007ffa9b860000 - 0x00007ffa9b86e000 	C:\Users\rafae\.vscode\extensions\redhat.java-1.49.0-win32-x64\jre\21.0.9-win32-x86_64\bin\sunmscapi.dll
0x00007ffb09b80000 - 0x00007ffb09cf7000 	C:\WINDOWS\System32\CRYPT32.dll
0x00007ffb091e0000 - 0x00007ffb09210000 	C:\WINDOWS\SYSTEM32\ncrypt.dll
0x00007ffb09190000 - 0x00007ffb091cf000 	C:\WINDOWS\SYSTEM32\NTASN1.dll
0x00007ffb08280000 - 0x00007ffb083ac000 	C:\WINDOWS\SYSTEM32\DNSAPI.dll
0x00007ffb02560000 - 0x00007ffb0256b000 	C:\Windows\System32\rasadhlp.dll
0x00007ffb041f0000 - 0x00007ffb04276000 	C:\WINDOWS\System32\fwpuclnt.dll
0x00007ffa9b850000 - 0x00007ffa9b859000 	C:\Users\rafae\.vscode\extensions\redhat.java-1.49.0-win32-x64\jre\21.0.9-win32-x86_64\bin\extnet.dll

JVMTI agents:
c:\Users\rafae\.vscode\extensions\redhat.java-1.49.0-win32-x64\lombok\lombok-1.18.39-4050.jar path:c:\Users\rafae\.vscode\extensions\redhat.java-1.49.0-win32-x64\jre\21.0.9-win32-x86_64\bin\instrument.dll, loaded, initialized, instrumentlib options:none

dbghelp: loaded successfully - version: 4.0.5 - missing functions: none
symbol engine: initialized successfully - sym options: 0x614 - pdb path: .;c:\Users\rafae\.vscode\extensions\redhat.java-1.49.0-win32-x64\jre\21.0.9-win32-x86_64\bin;C:\WINDOWS\SYSTEM32;C:\WINDOWS\WinSxS\amd64_microsoft.windows.common-controls_6595b64144ccf1df_6.0.26100.7019_none_3e06ffa0e335b8a8;c:\Users\rafae\.vscode\extensions\redhat.java-1.49.0-win32-x64\jre\21.0.9-win32-x86_64\bin\server;C:\Users\rafae\AppData\Roaming\Code\User\globalStorage\redhat.java\1.49.0\config_win\org.eclipse.equinox.launcher\org.eclipse.equinox.launcher.win32.win32.x86_64_1.2.1400.v20250801-0854;C:\Users\rafae\AppData\Local\Temp\jna-108272251

VM Arguments:
jvm_args: --add-modules=ALL-SYSTEM --add-opens=java.base/java.util=ALL-UNNAMED --add-opens=java.base/java.lang=ALL-UNNAMED --add-opens=java.base/sun.nio.fs=ALL-UNNAMED -Declipse.application=org.eclipse.jdt.ls.core.id1 -Dosgi.bundles.defaultStartLevel=4 -Declipse.product=org.eclipse.jdt.ls.core.product -Djava.import.generatesMetadataFilesAtProjectRoot=false -DDetectVMInstallationsJob.disabled=true -Dfile.encoding=utf8 -XX:+UseParallelGC -XX:GCTimeRatio=4 -XX:AdaptiveSizePolicyWeight=90 -Dsun.zip.disableMemoryMapping=true -Xmx2G -Xms100m -Xlog:disable -javaagent:c:\Users\rafae\.vscode\extensions\redhat.java-1.49.0-win32-x64\lombok\lombok-1.18.39-4050.jar -XX:+HeapDumpOnOutOfMemoryError -XX:HeapDumpPath=c:\Users\rafae\AppData\Roaming\Code\User\workspaceStorage\913dfa4cee56fe9961c38b572c234507\redhat.java -Daether.dependencyCollector.impl=bf 
java_command: c:\Users\rafae\.vscode\extensions\redhat.java-1.49.0-win32-x64\server\plugins\org.eclipse.equinox.launcher_1.7.100.v20251111-0406.jar -configuration c:\Users\rafae\AppData\Roaming\Code\User\globalStorage\redhat.java\1.49.0\config_win -data c:\Users\rafae\AppData\Roaming\Code\User\workspaceStorage\913dfa4cee56fe9961c38b572c234507\redhat.java\jdt_ws --pipe=\\.\pipe\lsp-fae22a42b89b152e82d4b4af73f62dc5-sock
java_class_path (initial): c:\Users\rafae\.vscode\extensions\redhat.java-1.49.0-win32-x64\server\plugins\org.eclipse.equinox.launcher_1.7.100.v20251111-0406.jar
Launcher Type: SUN_STANDARD

[Global flags]
    uintx AdaptiveSizePolicyWeight                 = 90                                        {product} {command line}
     intx CICompilerCount                          = 12                                        {product} {ergonomic}
    uintx GCTimeRatio                              = 4                                         {product} {command line}
     bool HeapDumpOnOutOfMemoryError               = true                                   {manageable} {command line}
    ccstr HeapDumpPath                             = c:\Users\rafae\AppData\Roaming\Code\User\workspaceStorage\913dfa4cee56fe9961c38b572c234507\redhat.java         {manageable} {command line}
   size_t InitialHeapSize                          = 104857600                                 {product} {command line}
   size_t MaxHeapSize                              = 2147483648                                {product} {command line}
   size_t MaxNewSize                               = 715653120                                 {product} {ergonomic}
   size_t MinHeapDeltaBytes                        = 524288                                    {product} {ergonomic}
   size_t MinHeapSize                              = 104857600                                 {product} {command line}
   size_t NewSize                                  = 34603008                                  {product} {ergonomic}
    uintx NonNMethodCodeHeapSize                   = 7602480                                {pd product} {ergonomic}
    uintx NonProfiledCodeHeapSize                  = 122027880                              {pd product} {ergonomic}
   size_t OldSize                                  = 70254592                                  {product} {ergonomic}
    uintx ProfiledCodeHeapSize                     = 122027880                              {pd product} {ergonomic}
    uintx ReservedCodeCacheSize                    = 251658240                              {pd product} {ergonomic}
     bool SegmentedCodeCache                       = true                                      {product} {ergonomic}
   size_t SoftMaxHeapSize                          = 2147483648                             {manageable} {ergonomic}
     bool UseCompressedOops                        = true                           {product lp64_product} {ergonomic}
     bool UseLargePagesIndividualAllocation        = false                                  {pd product} {ergonomic}
     bool UseParallelGC                            = true                                      {product} {command line}

Logging:
Log output configuration:
 #0: stdout all=off uptime,level,tags foldmultilines=false
 #1: stderr all=off uptime,level,tags foldmultilines=false

Release file:
JAVA_VERSION="21.0.9" 
MODULES="java.base java.compiler java.datatransfer java.xml java.prefs java.desktop java.instrument java.logging java.management java.security.sasl java.naming java.rmi java.management.rmi java.net.http java.scripting java.security.jgss java.transaction.xa java.sql java.sql.rowset java.xml.crypto java.se java.smartcardio jdk.accessibility jdk.internal.jvmstat jdk.attach jdk.charsets jdk.internal.opt jdk.zipfs jdk.compiler jdk.crypto.ec jdk.crypto.cryptoki jdk.crypto.mscapi jdk.dynalink jdk.internal.ed jdk.editpad jdk.hotspot.agent jdk.httpserver jdk.internal.le jdk.internal.vm.ci jdk.internal.vm.compiler jdk.internal.vm.compiler.management jdk.jartool jdk.javadoc jdk.jcmd jdk.management jdk.management.agent jdk.jconsole jdk.jdeps jdk.jdwp.agent jdk.jdi jdk.jfr jdk.jshell jdk.jsobject jdk.jstatd jdk.localedata jdk.management.jfr jdk.naming.dns jdk.naming.rmi jdk.net jdk.nio.mapmode jdk.random jdk.sctp jdk.security.auth jdk.security.jgss jdk.unsupported jdk.unsupported.desktop jdk.xml.dom" 

Environment Variables:
JAVA_HOME=C:\Program Files\Eclipse Adoptium\jdk-21.0.8.9-hotspot\
PATH=C:\Python314\Scripts\;C:\Python314\;C:\Program Files\Eclipse Adoptium\jdk-21.0.8.9-hotspot\bin;C:\Windows\system32;C:\Windows;C:\Windows\System32\Wbem;C:\Windows\System32\WindowsPowerShell\v1.0\;C:\Windows\System32\OpenSSH\;C:\Program Files\dotnet\;C:\Program Files (x86)\NVIDIA Corporation\PhysX\Common;C:\Program Files\NVIDIA Corporation\NVIDIA NvDLISR;C:\WINDOWS\system32;C:\WINDOWS;C:\WINDOWS\System32\Wbem;C:\WINDOWS\System32\WindowsPowerShell\v1.0\;C:\WINDOWS\System32\OpenSSH\;C:\Program Files (x86)\ZED SDK\dependencies\freeglut_2.8\x64;C:\Program Files (x86)\ZED SDK\dependencies\glew-1.12.0\x64;C:\Program Files (x86)\ZED SDK\dependencies\opencv_3.1.0\x64;C:\Program Files (x86)\ZED SDK\bin;C:\Program Files\cursor\resources\app\bin;C:\ProgramData\chocolatey\bin;C:\Program Files\nodejs\;C:\Users\rafae\AppData\Local\Programs\Python\Python310\Scripts\;C:\Users\rafae\AppData\Local\Programs\Python\Python310\;C:\Users\rafae\AppData\Local\Microsoft\WindowsApps;C:\Users\rafae\AppData\Local\Programs\Microsoft VS Code\bin;C:\Users\rafae\Downloads\winlibs-x86_64-posix-seh-gcc-14.2.0-llvm-19.1.7-mingw-w64ucrt-12.0.0-r3\mingw64\bin;C:\Users\rafae\Downloads\winlibs-x86_64-posix-seh-gcc-14.2.0-llvm-19.1.7-mingw-w64ucrt-12.0.0-r3\mingw64\bin;C:\Users\rafae\AppData\Roaming\npm
USERNAME=rafae
OS=Windows_NT
PROCESSOR_IDENTIFIER=Intel64 Family 6 Model 183 Stepping 1, GenuineIntel
TMP=C:\Users\rafae\AppData\Local\Temp
TEMP=C:\Users\rafae\AppData\Local\Temp




Periodic native trim disabled

---------------  S Y S T E M  ---------------

OS:
 Windows 11 , 64 bit Build 26100 (10.0.26100.7019)
OS uptime: 0 days 1:49 hours
Hyper-V role detected

CPU: total 16 (initial active 16) (8 cores per cpu, 2 threads per core) family 6 model 183 stepping 1 microcode 0x12f, cx8, cmov, fxsr, ht, mmx, 3dnowpref, sse, sse2, sse3, ssse3, sse4.1, sse4.2, popcnt, lzcnt, tsc, tscinvbit, avx, avx2, aes, erms, clmul, bmi1, bmi2, adx, sha, fma, vzeroupper, clflush, clflushopt, clwb, hv, serialize, rdtscp, rdpid, fsrm, f16c, cet_ibt, cet_ss
Processor Information for processor 0
  Max Mhz: 2400, Current Mhz: 2400, Mhz Limit: 2400
Processor Information for processor 1
  Max Mhz: 2400, Current Mhz: 2400, Mhz Limit: 2400
Processor Information for processor 2
  Max Mhz: 2400, Current Mhz: 2400, Mhz Limit: 2400
Processor Information for processor 3
  Max Mhz: 2400, Current Mhz: 1520, Mhz Limit: 2400
Processor Information for processor 4
  Max Mhz: 2400, Current Mhz: 2400, Mhz Limit: 2400
Processor Information for processor 5
  Max Mhz: 2400, Current Mhz: 2400, Mhz Limit: 2400
Processor Information for processor 6
  Max Mhz: 2400, Current Mhz: 2400, Mhz Limit: 2400
Processor Information for processor 7
  Max Mhz: 2400, Current Mhz: 2400, Mhz Limit: 2400
Processor Information for processor 8
  Max Mhz: 2400, Current Mhz: 2400, Mhz Limit: 2400
Processor Information for processor 9
  Max Mhz: 2400, Current Mhz: 2400, Mhz Limit: 2400
Processor Information for processor 10
  Max Mhz: 2400, Current Mhz: 2400, Mhz Limit: 2400
Processor Information for processor 11
  Max Mhz: 2400, Current Mhz: 1520, Mhz Limit: 2400
Processor Information for processor 12
  Max Mhz: 2400, Current Mhz: 2400, Mhz Limit: 2400
Processor Information for processor 13
  Max Mhz: 2400, Current Mhz: 2400, Mhz Limit: 2400
Processor Information for processor 14
  Max Mhz: 2400, Current Mhz: 2400, Mhz Limit: 2400
Processor Information for processor 15
  Max Mhz: 2400, Current Mhz: 2400, Mhz Limit: 2400

Memory: 4k page, system-wide physical 16068M (1764M free)
TotalPageFile size 24260M (AvailPageFile size 10M)
current process WorkingSet (physical memory assigned to process): 70M, peak: 938M
current process commit charge ("private bytes"): 834M, peak: 895M

vm_info: OpenJDK 64-Bit Server VM (21.0.9+10-LTS) for windows-amd64 JRE (21.0.9+10-LTS), built on 2025-10-21T00:00:00Z by "admin" with unknown MS VC++:1942

END.
