#
# There is insufficient memory for the Java Runtime Environment to continue.
# Native memory allocation (malloc) failed to allocate 1028736 bytes. Error detail: Chunk::new
# Possible reasons:
#   The system is out of physical RAM or swap space
#   This process is running with CompressedOops enabled, and the Java Heap may be blocking the growth of the native heap
# Possible solutions:
#   Reduce memory load on the system
#   Increase physical memory or swap space
#   Check if swap backing store is full
#   Decrease Java heap size (-Xmx/-Xms)
#   Decrease number of Java threads
#   Decrease Java thread stack sizes (-Xss)
#   Set larger code cache with -XX:ReservedCodeCacheSize=
#   JVM is running with Unscaled Compressed Oops mode in which the Java heap is
#     placed in the first 4GB address space. The Java Heap base address is the
#     maximum limit for the native heap growth. Please use -XX:HeapBaseMinAddress
#     to set the Java Heap base and to place the Java Heap above 4GB virtual address.
# This output file may be truncated or incomplete.
#
#  Out of Memory Error (arena.cpp:168), pid=8632, tid=28292
#
# JRE version: OpenJDK Runtime Environment Temurin-21.0.9+10 (21.0.9+10) (build 21.0.9+10-LTS)
# Java VM: OpenJDK 64-Bit Server VM Temurin-21.0.9+10 (21.0.9+10-LTS, mixed mode, sharing, tiered, compressed oops, compressed class ptrs, parallel gc, windows-amd64)
# No core dump will be written. Minidumps are not enabled by default on client versions of Windows
#

---------------  S U M M A R Y ------------

Command Line: --add-modules=ALL-SYSTEM --add-opens=java.base/java.util=ALL-UNNAMED --add-opens=java.base/java.lang=ALL-UNNAMED --add-opens=java.base/sun.nio.fs=ALL-UNNAMED -Declipse.application=org.eclipse.jdt.ls.core.id1 -Dosgi.bundles.defaultStartLevel=4 -Declipse.product=org.eclipse.jdt.ls.core.product -Djava.import.generatesMetadataFilesAtProjectRoot=false -DDetectVMInstallationsJob.disabled=true -Dfile.encoding=utf8 -XX:+UseParallelGC -XX:GCTimeRatio=4 -XX:AdaptiveSizePolicyWeight=90 -Dsun.zip.disableMemoryMapping=true -Xmx2G -Xms100m -Xlog:disable -javaagent:c:\Users\rafae\.vscode\extensions\redhat.java-1.49.0-win32-x64\lombok\lombok-1.18.39-4050.jar -XX:+HeapDumpOnOutOfMemoryError -XX:HeapDumpPath=c:\Users\rafae\AppData\Roaming\Code\User\workspaceStorage\98f0a606a096f0615ab07c1a7b1201e6\redhat.java -Daether.dependencyCollector.impl=bf c:\Users\rafae\.vscode\extensions\redhat.java-1.49.0-win32-x64\server\plugins\org.eclipse.equinox.launcher_1.7.100.v20251111-0406.jar -configuration c:\Users\rafae\AppData\Roaming\Code\User\globalStorage\redhat.java\1.49.0\config_win -data c:\Users\rafae\AppData\Roaming\Code\User\workspaceStorage\98f0a606a096f0615ab07c1a7b1201e6\redhat.java\jdt_ws --pipe=\\.\pipe\lsp-86c0a8c65908056e8603527d91a81265-sock

Host: 13th Gen Intel(R) Core(TM) i5-13450HX, 16 cores, 15G,  Windows 11 , 64 bit Build 26100 (10.0.26100.7019)
Time: Fri Nov 21 20:28:33 2025 Hora oficial do Brasil elapsed time: 760.909202 seconds (0d 0h 12m 40s)

---------------  T H R E A D  ---------------

Current thread (0x0000014c9468a900):  JavaThread "C2 CompilerThread3" daemon [_thread_in_native, id=28292, stack(0x0000001d58400000,0x0000001d58500000) (1024K)]


Current CompileTask:
C2:760913 11017 %     4       java.util.Properties::load0 @ 29 (249 bytes)

Stack: [0x0000001d58400000,0x0000001d58500000]
Native frames: (J=compiled Java code, j=interpreted, Vv=VM code, C=native code)
V  [jvm.dll+0x6d6e29]
V  [jvm.dll+0x8b4b76]
V  [jvm.dll+0x8b712e]
V  [jvm.dll+0x8b7813]
V  [jvm.dll+0x283d86]
V  [jvm.dll+0xc66ed]
V  [jvm.dll+0xc6c31]
V  [jvm.dll+0x2facee]
V  [jvm.dll+0x5fde44]
V  [jvm.dll+0x255557]
V  [jvm.dll+0x25591d]
V  [jvm.dll+0x24df40]
V  [jvm.dll+0x24b482]
V  [jvm.dll+0x1cb13e]
V  [jvm.dll+0x25b29d]
V  [jvm.dll+0x25982a]
V  [jvm.dll+0x3f7ea6]
V  [jvm.dll+0x85e9ad]
V  [jvm.dll+0x6d565d]
C  [ucrtbase.dll+0x37b0]
C  [KERNEL32.DLL+0x2e8d7]
C  [ntdll.dll+0x8c53c]


---------------  P R O C E S S  ---------------

Threads class SMR info:
_java_thread_list=0x0000014c92f97010, length=69, elements={
0x0000014c30b2a210, 0x0000014c8c058390, 0x0000014c49a3df70, 0x0000014c8c060d30,
0x0000014c8c061c00, 0x0000014c8c068950, 0x0000014c8c06c1e0, 0x0000014c8c0834e0,
0x0000014c8c085d40, 0x0000014c8c06d590, 0x0000014c8c06b4c0, 0x0000014c8c06bb50,
0x0000014c8c06a7a0, 0x0000014c8c06c870, 0x0000014c8c06ae30, 0x0000014c8c06cf00,
0x0000014c9266a7d0, 0x0000014c92668700, 0x0000014c9266ae60, 0x0000014c926679e0,
0x0000014c9266b4f0, 0x0000014c9266c8a0, 0x0000014c92669ab0, 0x0000014c9266c210,
0x0000014c92669420, 0x0000014c9266cf30, 0x0000014c9266d5c0, 0x0000014c9266a140,
0x0000014c9266dc50, 0x0000014c9266e2e0, 0x0000014c9266e970, 0x0000014c9266f000,
0x0000014c94366b40, 0x0000014c94368580, 0x0000014c94367ef0, 0x0000014c94368c10,
0x0000014c943692a0, 0x0000014c943671d0, 0x0000014c94365e20, 0x0000014c943664b0,
0x0000014c94367860, 0x0000014c94110710, 0x0000014c94113b90, 0x0000014c94110da0,
0x0000014c94112150, 0x0000014c94113500, 0x0000014c941127e0, 0x0000014c94114220,
0x0000014c941148b0, 0x0000014c94112e70, 0x0000014c94111430, 0x0000014c9468d8b0,
0x0000014c9468df80, 0x0000014c941162f0, 0x0000014c941155d0, 0x0000014c94115c60,
0x0000014c94116980, 0x0000014c941176a0, 0x0000014c9266bb80, 0x0000014c92668d90,
0x0000014c8c267010, 0x0000014c8c267d30, 0x0000014c8c2676a0, 0x0000014c8c2662f0,
0x0000014c8c269e00, 0x0000014c9468a900, 0x0000014c9468e650, 0x0000014c9468bd70,
0x0000014c8c266980
}

Java Threads: ( => current thread )
  0x0000014c30b2a210 JavaThread "main"                              [_thread_blocked, id=24044, stack(0x0000001d53300000,0x0000001d53400000) (1024K)]
  0x0000014c8c058390 JavaThread "Reference Handler"          daemon [_thread_blocked, id=14288, stack(0x0000001d53700000,0x0000001d53800000) (1024K)]
  0x0000014c49a3df70 JavaThread "Finalizer"                  daemon [_thread_blocked, id=25920, stack(0x0000001d53800000,0x0000001d53900000) (1024K)]
  0x0000014c8c060d30 JavaThread "Signal Dispatcher"          daemon [_thread_blocked, id=20000, stack(0x0000001d53900000,0x0000001d53a00000) (1024K)]
  0x0000014c8c061c00 JavaThread "Attach Listener"            daemon [_thread_blocked, id=6612, stack(0x0000001d53a00000,0x0000001d53b00000) (1024K)]
  0x0000014c8c068950 JavaThread "Service Thread"             daemon [_thread_blocked, id=8460, stack(0x0000001d53b00000,0x0000001d53c00000) (1024K)]
  0x0000014c8c06c1e0 JavaThread "Monitor Deflation Thread"   daemon [_thread_blocked, id=23224, stack(0x0000001d53c00000,0x0000001d53d00000) (1024K)]
  0x0000014c8c0834e0 JavaThread "C2 CompilerThread0"         daemon [_thread_blocked, id=26248, stack(0x0000001d53d00000,0x0000001d53e00000) (1024K)]
  0x0000014c8c085d40 JavaThread "C1 CompilerThread0"         daemon [_thread_blocked, id=15212, stack(0x0000001d53e00000,0x0000001d53f00000) (1024K)]
  0x0000014c8c06d590 JavaThread "Common-Cleaner"             daemon [_thread_blocked, id=29268, stack(0x0000001d54100000,0x0000001d54200000) (1024K)]
  0x0000014c8c06b4c0 JavaThread "Notification Thread"        daemon [_thread_blocked, id=6184, stack(0x0000001d54400000,0x0000001d54500000) (1024K)]
  0x0000014c8c06bb50 JavaThread "Active Thread: Equinox Container: 7126ad81-5acd-4b0a-81e8-c697e66dc96c"        [_thread_blocked, id=26940, stack(0x0000001d54c00000,0x0000001d54d00000) (1024K)]
  0x0000014c8c06a7a0 JavaThread "Refresh Thread: Equinox Container: 7126ad81-5acd-4b0a-81e8-c697e66dc96c" daemon [_thread_blocked, id=27452, stack(0x0000001d54300000,0x0000001d54400000) (1024K)]
  0x0000014c8c06c870 JavaThread "Framework Event Dispatcher: Equinox Container: 7126ad81-5acd-4b0a-81e8-c697e66dc96c" daemon [_thread_blocked, id=26036, stack(0x0000001d54500000,0x0000001d54600000) (1024K)]
  0x0000014c8c06ae30 JavaThread "Start Level: Equinox Container: 7126ad81-5acd-4b0a-81e8-c697e66dc96c" daemon [_thread_blocked, id=8236, stack(0x0000001d54e00000,0x0000001d54f00000) (1024K)]
  0x0000014c8c06cf00 JavaThread "Bundle File Closer"         daemon [_thread_blocked, id=27304, stack(0x0000001d55200000,0x0000001d55300000) (1024K)]
  0x0000014c9266a7d0 JavaThread "SCR Component Actor"        daemon [_thread_blocked, id=23352, stack(0x0000001d54000000,0x0000001d54100000) (1024K)]
  0x0000014c92668700 JavaThread "Worker-JM"                         [_thread_blocked, id=8896, stack(0x0000001d55700000,0x0000001d55800000) (1024K)]
  0x0000014c9266ae60 JavaThread "Worker-1"                          [_thread_blocked, id=22328, stack(0x0000001d55a00000,0x0000001d55b00000) (1024K)]
  0x0000014c926679e0 JavaThread "Worker-2"                          [_thread_blocked, id=25292, stack(0x0000001d55d00000,0x0000001d55e00000) (1024K)]
  0x0000014c9266b4f0 JavaThread "Java indexing"              daemon [_thread_blocked, id=21612, stack(0x0000001d55e00000,0x0000001d55f00000) (1024K)]
  0x0000014c9266c8a0 JavaThread "JNA Cleaner"                daemon [_thread_blocked, id=22256, stack(0x0000001d55500000,0x0000001d55600000) (1024K)]
  0x0000014c92669ab0 JavaThread "Thread-1"                   daemon [_thread_in_native, id=26268, stack(0x0000001d56100000,0x0000001d56200000) (1024K)]
  0x0000014c9266c210 JavaThread "Thread-2"                   daemon [_thread_in_native, id=24756, stack(0x0000001d56200000,0x0000001d56300000) (1024K)]
  0x0000014c92669420 JavaThread "Thread-3"                   daemon [_thread_in_native, id=25756, stack(0x0000001d56300000,0x0000001d56400000) (1024K)]
  0x0000014c9266cf30 JavaThread "Thread-4"                   daemon [_thread_in_native, id=26908, stack(0x0000001d56400000,0x0000001d56500000) (1024K)]
  0x0000014c9266d5c0 JavaThread "Thread-5"                   daemon [_thread_in_native, id=25204, stack(0x0000001d56500000,0x0000001d56600000) (1024K)]
  0x0000014c9266a140 JavaThread "Thread-6"                   daemon [_thread_in_native, id=1508, stack(0x0000001d56600000,0x0000001d56700000) (1024K)]
  0x0000014c9266dc50 JavaThread "Thread-7"                   daemon [_thread_in_native, id=26464, stack(0x0000001d56700000,0x0000001d56800000) (1024K)]
  0x0000014c9266e2e0 JavaThread "Thread-8"                   daemon [_thread_in_native, id=8252, stack(0x0000001d56800000,0x0000001d56900000) (1024K)]
  0x0000014c9266e970 JavaThread "Thread-9"                   daemon [_thread_in_native, id=29136, stack(0x0000001d56900000,0x0000001d56a00000) (1024K)]
  0x0000014c9266f000 JavaThread "Thread-10"                  daemon [_thread_in_native, id=2044, stack(0x0000001d56a00000,0x0000001d56b00000) (1024K)]
  0x0000014c94366b40 JavaThread "Thread-11"                  daemon [_thread_in_native, id=5280, stack(0x0000001d56b00000,0x0000001d56c00000) (1024K)]
  0x0000014c94368580 JavaThread "Thread-12"                  daemon [_thread_in_native, id=26156, stack(0x0000001d56c00000,0x0000001d56d00000) (1024K)]
  0x0000014c94367ef0 JavaThread "Thread-13"                  daemon [_thread_in_native, id=27560, stack(0x0000001d56d00000,0x0000001d56e00000) (1024K)]
  0x0000014c94368c10 JavaThread "Thread-14"                  daemon [_thread_in_native, id=27480, stack(0x0000001d56e00000,0x0000001d56f00000) (1024K)]
  0x0000014c943692a0 JavaThread "Thread-15"                  daemon [_thread_in_native, id=25820, stack(0x0000001d56f00000,0x0000001d57000000) (1024K)]
  0x0000014c943671d0 JavaThread "Thread-16"                  daemon [_thread_in_native, id=19300, stack(0x0000001d57000000,0x0000001d57100000) (1024K)]
  0x0000014c94365e20 JavaThread "Thread-17"                  daemon [_thread_in_native, id=26828, stack(0x0000001d57100000,0x0000001d57200000) (1024K)]
  0x0000014c943664b0 JavaThread "pool-2-thread-1"                   [_thread_blocked, id=11952, stack(0x0000001d57200000,0x0000001d57300000) (1024K)]
  0x0000014c94367860 JavaThread "WorkspaceEventsHandler"            [_thread_blocked, id=8256, stack(0x0000001d57500000,0x0000001d57600000) (1024K)]
  0x0000014c94110710 JavaThread "pool-1-thread-1"                   [_thread_blocked, id=8756, stack(0x0000001d57600000,0x0000001d57700000) (1024K)]
  0x0000014c94113b90 JavaThread "LocalFile Deleter"          daemon [_thread_blocked, id=24668, stack(0x0000001d55800000,0x0000001d55900000) (1024K)]
  0x0000014c94110da0 JavaThread "LocalFile Deleter"          daemon [_thread_blocked, id=21008, stack(0x0000001d55b00000,0x0000001d55c00000) (1024K)]
  0x0000014c94112150 JavaThread "ForkJoinPool.commonPool-worker-6" daemon [_thread_blocked, id=26436, stack(0x0000001d55600000,0x0000001d55700000) (1024K)]
  0x0000014c94113500 JavaThread "Worker-6"                          [_thread_blocked, id=18216, stack(0x0000001d55c00000,0x0000001d55d00000) (1024K)]
  0x0000014c941127e0 JavaThread "Worker-7"                          [_thread_blocked, id=20136, stack(0x0000001d55f00000,0x0000001d56000000) (1024K)]
  0x0000014c94114220 JavaThread "Worker-8"                          [_thread_blocked, id=24812, stack(0x0000001d56000000,0x0000001d56100000) (1024K)]
  0x0000014c941148b0 JavaThread "Compiler Source File Reader" daemon [_thread_blocked, id=25220, stack(0x0000001d57300000,0x0000001d57400000) (1024K)]
  0x0000014c94112e70 JavaThread "Compiler Processing Task"   daemon [_thread_blocked, id=15524, stack(0x0000001d57400000,0x0000001d57500000) (1024K)]
  0x0000014c94111430 JavaThread "Compiler Class File Writer" daemon [_thread_blocked, id=21316, stack(0x0000001d57700000,0x0000001d57800000) (1024K)]
  0x0000014c9468d8b0 JavaThread "C2 CompilerThread1"         daemon [_thread_in_native, id=26288, stack(0x0000001d53000000,0x0000001d53100000) (1024K)]
  0x0000014c9468df80 JavaThread "C2 CompilerThread2"         daemon [_thread_blocked, id=21004, stack(0x0000001d53100000,0x0000001d53200000) (1024K)]
  0x0000014c941162f0 JavaThread "ForkJoinPool.commonPool-worker-7" daemon [_thread_blocked, id=11420, stack(0x0000001d53f00000,0x0000001d54000000) (1024K)]
  0x0000014c941155d0 JavaThread "ForkJoinPool.commonPool-worker-8" daemon [_thread_blocked, id=23128, stack(0x0000001d55300000,0x0000001d55400000) (1024K)]
  0x0000014c94115c60 JavaThread "ForkJoinPool.commonPool-worker-9" daemon [_thread_blocked, id=28236, stack(0x0000001d55400000,0x0000001d55500000) (1024K)]
  0x0000014c94116980 JavaThread "ForkJoinPool.commonPool-worker-10" daemon [_thread_blocked, id=20520, stack(0x0000001d57800000,0x0000001d57900000) (1024K)]
  0x0000014c941176a0 JavaThread "ForkJoinPool.commonPool-worker-11" daemon [_thread_blocked, id=26980, stack(0x0000001d57900000,0x0000001d57a00000) (1024K)]
  0x0000014c9266bb80 JavaThread "ForkJoinPool.commonPool-worker-12" daemon [_thread_blocked, id=27384, stack(0x0000001d57a00000,0x0000001d57b00000) (1024K)]
  0x0000014c92668d90 JavaThread "ForkJoinPool.commonPool-worker-13" daemon [_thread_blocked, id=27396, stack(0x0000001d57b00000,0x0000001d57c00000) (1024K)]
  0x0000014c8c267010 JavaThread "ForkJoinPool.commonPool-worker-14" daemon [_thread_blocked, id=5848, stack(0x0000001d57c00000,0x0000001d57d00000) (1024K)]
  0x0000014c8c267d30 JavaThread "ForkJoinPool.commonPool-worker-15" daemon [_thread_blocked, id=7380, stack(0x0000001d57e00000,0x0000001d57f00000) (1024K)]
  0x0000014c8c2676a0 JavaThread "ForkJoinPool.commonPool-worker-16" daemon [_thread_blocked, id=28180, stack(0x0000001d57f00000,0x0000001d58000000) (1024K)]
  0x0000014c8c2662f0 JavaThread "ForkJoinPool.commonPool-worker-17" daemon [_thread_blocked, id=15196, stack(0x0000001d58000000,0x0000001d58100000) (1024K)]
  0x0000014c8c269e00 JavaThread "ForkJoinPool.commonPool-worker-18" daemon [_thread_blocked, id=19664, stack(0x0000001d58100000,0x0000001d58200000) (1024K)]
=>0x0000014c9468a900 JavaThread "C2 CompilerThread3"         daemon [_thread_in_native, id=28292, stack(0x0000001d58400000,0x0000001d58500000) (1024K)]
  0x0000014c9468e650 JavaThread "C1 CompilerThread1"         daemon [_thread_blocked, id=27524, stack(0x0000001d53200000,0x0000001d53300000) (1024K)]
  0x0000014c9468bd70 JavaThread "C1 CompilerThread2"         daemon [_thread_blocked, id=28544, stack(0x0000001d57d00000,0x0000001d57e00000) (1024K)]
  0x0000014c8c266980 JavaThread "Cleaner-0"                  daemon [_thread_blocked, id=8, stack(0x0000001d58200000,0x0000001d58300000) (1024K)]
Total: 69

Other Threads:
  0x0000014c3304e940 VMThread "VM Thread"                           [id=3040, stack(0x0000001d53600000,0x0000001d53700000) (1024K)]
  0x0000014c4991ca00 WatcherThread "VM Periodic Task Thread"        [id=26124, stack(0x0000001d53500000,0x0000001d53600000) (1024K)]
  0x0000014c32fadfd0 WorkerThread "GC Thread#0"                     [id=28756, stack(0x0000001d53400000,0x0000001d53500000) (1024K)]
  0x0000014c8da32300 WorkerThread "GC Thread#1"                     [id=7052, stack(0x0000001d54600000,0x0000001d54700000) (1024K)]
  0x0000014c8da326a0 WorkerThread "GC Thread#2"                     [id=15680, stack(0x0000001d54700000,0x0000001d54800000) (1024K)]
  0x0000014c8da32a40 WorkerThread "GC Thread#3"                     [id=17524, stack(0x0000001d54800000,0x0000001d54900000) (1024K)]
  0x0000014c8da32de0 WorkerThread "GC Thread#4"                     [id=448, stack(0x0000001d54900000,0x0000001d54a00000) (1024K)]
  0x0000014c920c7e70 WorkerThread "GC Thread#5"                     [id=14168, stack(0x0000001d54a00000,0x0000001d54b00000) (1024K)]
  0x0000014c8da9b7c0 WorkerThread "GC Thread#6"                     [id=21352, stack(0x0000001d54b00000,0x0000001d54c00000) (1024K)]
  0x0000014c9208b6d0 WorkerThread "GC Thread#7"                     [id=8384, stack(0x0000001d54d00000,0x0000001d54e00000) (1024K)]
  0x0000014c8c36a0f0 WorkerThread "GC Thread#8"                     [id=24644, stack(0x0000001d54200000,0x0000001d54300000) (1024K)]
  0x0000014c8c3698f0 WorkerThread "GC Thread#9"                     [id=29028, stack(0x0000001d54f00000,0x0000001d55000000) (1024K)]
  0x0000014c8da7e030 WorkerThread "GC Thread#10"                    [id=27184, stack(0x0000001d55000000,0x0000001d55100000) (1024K)]
  0x0000014c8da7d8f0 WorkerThread "GC Thread#11"                    [id=16568, stack(0x0000001d55100000,0x0000001d55200000) (1024K)]
  0x0000014c8da7c6d0 WorkerThread "GC Thread#12"                    [id=4596, stack(0x0000001d55900000,0x0000001d55a00000) (1024K)]
Total: 15

Threads with active compile tasks:
C2 CompilerThread0  763195 11073 % !   4       org.eclipse.jdt.internal.compiler.parser.Scanner::jumpOverMethodBody @ 12 (2550 bytes)
C1 CompilerThread0  763197 11127       3       org.eclipse.jface.text.AbstractLineTracker$2::nextDelimiterInfo (10 bytes)
C2 CompilerThread1  763199 11018       4       java.lang.invoke.MethodHandleImpl::makePairwiseConvertByEditor (617 bytes)
C2 CompilerThread2  763200 11027 %     4       org.lombokweb.asm.ClassReader::readCode @ 2037 (5117 bytes)
C2 CompilerThread3  763202 11017 %     4       java.util.Properties::load0 @ 29 (249 bytes)
C1 CompilerThread1  763204 11132       3       java.util.TimSort::mergeCollapse (134 bytes)
C1 CompilerThread2  763206 11123       3       org.eclipse.jface.text.TreeLineTracker::delete (255 bytes)
Total: 7

VM state: at safepoint (normal execution)

VM Mutex/Monitor currently owned by a thread:  ([mutex/lock_event])
[0x00007ffa9329d570] Threads_lock - owner thread: 0x0000014c3304e940
[0x00007ffa9329d670] Heap_lock - owner thread: 0x0000014c94110710

Heap address: 0x0000000080000000, size: 2048 MB, Compressed Oops mode: 32-bit

CDS archive(s) mapped at: [0x0000014c4a000000-0x0000014c4aba0000-0x0000014c4aba0000), size 12189696, SharedBaseAddress: 0x0000014c4a000000, ArchiveRelocationMode: 1.
Compressed class space mapped at: 0x0000014c4b000000-0x0000014c8b000000, reserved size: 1073741824
Narrow klass base: 0x0000014c4a000000, Narrow klass shift: 0, Narrow klass range: 0x100000000

GC Precious Log:
 CardTable entry size: 512
 CPUs: 16 total, 16 available
 Memory: 16068M
 Large Page Support: Disabled
 NUMA Support: Disabled
 Compressed Oops: Enabled (32-bit)
 Alignments: Space 512K, Generation 512K, Heap 2M
 Heap Min Capacity: 100M
 Heap Initial Capacity: 100M
 Heap Max Capacity: 2G
 Pre-touch: Disabled
 Parallel Workers: 13

Heap:
 PSYoungGen      total 3584K, used 494K [0x00000000d5580000, 0x00000000d5a80000, 0x0000000100000000)
  eden space 3072K, 0% used [0x00000000d5580000,0x00000000d5580000,0x00000000d5880000)
  from space 512K, 96% used [0x00000000d5a00000,0x00000000d5a7bb50,0x00000000d5a80000)
  to   space 1024K, 0% used [0x00000000d5900000,0x00000000d5900000,0x00000000d5a00000)
 ParOldGen       total 553472K, used 553376K [0x0000000080000000, 0x00000000a1c80000, 0x00000000d5580000)
  object space 553472K, 99% used [0x0000000080000000,0x00000000a1c682f0,0x00000000a1c80000)
 Metaspace       used 68871K, committed 70272K, reserved 1114112K
  class space    used 7287K, committed 7872K, reserved 1048576K

Card table byte_map: [0x0000014c32960000,0x0000014c32d70000] _byte_map_base: 0x0000014c32560000

Marking Bits: (ParMarkBitMap*) 0x00007ffa932a2460
 Begin Bits: [0x0000014c45440000, 0x0000014c47440000)
 End Bits:   [0x0000014c47440000, 0x0000014c49440000)

Polling page: 0x0000014c32750000

Metaspace:

Usage:
  Non-class:     60.14 MB used.
      Class:      7.12 MB used.
       Both:     67.26 MB used.

Virtual space:
  Non-class space:       64.00 MB reserved,      60.94 MB ( 95%) committed,  1 nodes.
      Class space:        1.00 GB reserved,       7.69 MB ( <1%) committed,  1 nodes.
             Both:        1.06 GB reserved,      68.62 MB (  6%) committed. 

Chunk freelists:
   Non-Class:  2.72 MB
       Class:  8.14 MB
        Both:  10.86 MB

MaxMetaspaceSize: unlimited
CompressedClassSpaceSize: 1.00 GB
Initial GC threshold: 21.00 MB
Current GC threshold: 97.31 MB
CDS: on
 - commit_granule_bytes: 65536.
 - commit_granule_words: 8192.
 - virtual_space_node_default_size: 8388608.
 - enlarge_chunks_in_place: 1.
 - use_allocation_guard: 0.


Internal statistics:

num_allocs_failed_limit: 9.
num_arena_births: 1132.
num_arena_deaths: 14.
num_vsnodes_births: 2.
num_vsnodes_deaths: 0.
num_space_committed: 1098.
num_space_uncommitted: 0.
num_chunks_returned_to_freelist: 23.
num_chunks_taken_from_freelist: 4117.
num_chunk_merges: 12.
num_chunk_splits: 2558.
num_chunks_enlarged: 1522.
num_inconsistent_stats: 0.

CodeHeap 'non-profiled nmethods': size=119168Kb used=8652Kb max_used=8652Kb free=110515Kb
 bounds [0x0000014c3dd30000, 0x0000014c3e5b0000, 0x0000014c45190000]
CodeHeap 'profiled nmethods': size=119104Kb used=24436Kb max_used=24436Kb free=94668Kb
 bounds [0x0000014c36190000, 0x0000014c37970000, 0x0000014c3d5e0000]
CodeHeap 'non-nmethods': size=7488Kb used=2614Kb max_used=3265Kb free=4873Kb
 bounds [0x0000014c3d5e0000, 0x0000014c3d920000, 0x0000014c3dd30000]
CodeCache: size=245760Kb, used=35702Kb, max_used=36353Kb, free=210056Kb
 total_blobs=11122, nmethods=10313, adapters=710, full_count=0
Compilation: enabled, stopped_count=0, restarted_count=0

Compilation events (20 events):
Event: 758.818 Thread 0x0000014c8c085d40 11045       1       org.eclipse.jdt.core.dom.ASTVisitor::visit (2 bytes)
Event: 758.818 Thread 0x0000014c9468bd70 nmethod 11037 0x0000014c3e591310 code [0x0000014c3e5914a0, 0x0000014c3e591568]
Event: 758.818 Thread 0x0000014c9468e650 nmethod 11040 0x0000014c3e591610 code [0x0000014c3e5917a0, 0x0000014c3e591868]
Event: 758.818 Thread 0x0000014c8c085d40 nmethod 11045 0x0000014c3e591910 code [0x0000014c3e591aa0, 0x0000014c3e591b68]
Event: 758.831 Thread 0x0000014c9468df80 nmethod 11042 0x0000014c3e591c10 code [0x0000014c3e591e20, 0x0000014c3e5926e8]
Event: 758.832 Thread 0x0000014c9468df80 11021       4       java.lang.invoke.DirectMethodHandle$Holder::invokeStatic (20 bytes)
Event: 758.832 Thread 0x0000014c9468df80 nmethod 11021 0x0000014c3e592c90 code [0x0000014c3e592e20, 0x0000014c3e592f20]
Event: 758.832 Thread 0x0000014c9468df80 11022       4       java.lang.invoke.BoundMethodHandle$Species_LL::make (12 bytes)
Event: 758.834 Thread 0x0000014c9468df80 nmethod 11022 0x0000014c3e593010 code [0x0000014c3e5931c0, 0x0000014c3e593440]
Event: 758.834 Thread 0x0000014c9468df80 11023   !   4       java.lang.invoke.BoundMethodHandle$Species_L::copyWithExtendL (31 bytes)
Event: 758.836 Thread 0x0000014c9468df80 nmethod 11023 0x0000014c3e593710 code [0x0000014c3e5938e0, 0x0000014c3e593c28]
Event: 758.836 Thread 0x0000014c9468df80 11032   !   4       org.eclipse.jdt.internal.core.JavaModelManager::getPerProjectInfo (62 bytes)
Event: 758.842 Thread 0x0000014c9468df80 nmethod 11032 0x0000014c3e594010 code [0x0000014c3e594260, 0x0000014c3e594e70]
Event: 758.842 Thread 0x0000014c9468df80 11025       4       java.lang.invoke.MethodHandle::asTypeUncached (54 bytes)
Event: 758.846 Thread 0x0000014c9468df80 nmethod 11025 0x0000014c3e595610 code [0x0000014c3e595820, 0x0000014c3e595c40]
Event: 758.846 Thread 0x0000014c9468df80 11026       4       java.lang.invoke.MethodType::isConvertibleTo (164 bytes)
Event: 758.848 Thread 0x0000014c9468df80 nmethod 11026 0x0000014c3e596090 code [0x0000014c3e596280, 0x0000014c3e5965d8]
Event: 758.848 Thread 0x0000014c9468df80 11041       4       org.eclipse.jdt.core.dom.ASTVisitor::endVisit (1 bytes)
Event: 758.848 Thread 0x0000014c9468df80 nmethod 11041 0x0000014c3e596910 code [0x0000014c3e596aa0, 0x0000014c3e596b28]
Event: 758.848 Thread 0x0000014c9468df80 11027 %     4       org.lombokweb.asm.ClassReader::readCode @ 2037 (5117 bytes)

GC Heap History (20 events):
Event: 757.677 GC heap before
{Heap before GC invocations=386 (full 3):
 PSYoungGen      total 5632K, used 5632K [0x00000000d5580000, 0x00000000d6c80000, 0x0000000100000000)
  eden space 1536K, 100% used [0x00000000d5580000,0x00000000d5700000,0x00000000d5700000)
  from space 4096K, 100% used [0x00000000d5f80000,0x00000000d6380000,0x00000000d6380000)
  to   space 8704K, 0% used [0x00000000d5700000,0x00000000d5700000,0x00000000d5f80000)
 ParOldGen       total 540160K, used 540021K [0x0000000080000000, 0x00000000a0f80000, 0x00000000d5580000)
  object space 540160K, 99% used [0x0000000080000000,0x00000000a0f5d6a0,0x00000000a0f80000)
 Metaspace       used 67783K, committed 69248K, reserved 1114112K
  class space    used 7219K, committed 7808K, reserved 1048576K
}
Event: 757.679 GC heap after
{Heap after GC invocations=386 (full 3):
 PSYoungGen      total 3072K, used 1408K [0x00000000d5580000, 0x00000000d6000000, 0x0000000100000000)
  eden space 1536K, 0% used [0x00000000d5580000,0x00000000d5580000,0x00000000d5700000)
  from space 1536K, 91% used [0x00000000d5700000,0x00000000d5860000,0x00000000d5880000)
  to   space 4096K, 0% used [0x00000000d5c00000,0x00000000d5c00000,0x00000000d6000000)
 ParOldGen       total 544256K, used 543957K [0x0000000080000000, 0x00000000a1380000, 0x00000000d5580000)
  object space 544256K, 99% used [0x0000000080000000,0x00000000a13356a0,0x00000000a1380000)
 Metaspace       used 67783K, committed 69248K, reserved 1114112K
  class space    used 7219K, committed 7808K, reserved 1048576K
}
Event: 757.680 GC heap before
{Heap before GC invocations=387 (full 3):
 PSYoungGen      total 3072K, used 2944K [0x00000000d5580000, 0x00000000d6000000, 0x0000000100000000)
  eden space 1536K, 100% used [0x00000000d5580000,0x00000000d5700000,0x00000000d5700000)
  from space 1536K, 91% used [0x00000000d5700000,0x00000000d5860000,0x00000000d5880000)
  to   space 4096K, 0% used [0x00000000d5c00000,0x00000000d5c00000,0x00000000d6000000)
 ParOldGen       total 544256K, used 543957K [0x0000000080000000, 0x00000000a1380000, 0x00000000d5580000)
  object space 544256K, 99% used [0x0000000080000000,0x00000000a13356a0,0x00000000a1380000)
 Metaspace       used 67784K, committed 69248K, reserved 1114112K
  class space    used 7219K, committed 7808K, reserved 1048576K
}
Event: 757.682 GC heap after
{Heap after GC invocations=387 (full 3):
 PSYoungGen      total 3584K, used 1408K [0x00000000d5580000, 0x00000000d5d80000, 0x0000000100000000)
  eden space 2048K, 0% used [0x00000000d5580000,0x00000000d5580000,0x00000000d5780000)
  from space 1536K, 91% used [0x00000000d5c00000,0x00000000d5d60000,0x00000000d5d80000)
  to   space 2048K, 0% used [0x00000000d5980000,0x00000000d5980000,0x00000000d5b80000)
 ParOldGen       total 545280K, used 545141K [0x0000000080000000, 0x00000000a1480000, 0x00000000d5580000)
  object space 545280K, 99% used [0x0000000080000000,0x00000000a145d6a0,0x00000000a1480000)
 Metaspace       used 67784K, committed 69248K, reserved 1114112K
  class space    used 7219K, committed 7808K, reserved 1048576K
}
Event: 757.684 GC heap before
{Heap before GC invocations=388 (full 3):
 PSYoungGen      total 3584K, used 3456K [0x00000000d5580000, 0x00000000d5d80000, 0x0000000100000000)
  eden space 2048K, 100% used [0x00000000d5580000,0x00000000d5780000,0x00000000d5780000)
  from space 1536K, 91% used [0x00000000d5c00000,0x00000000d5d60000,0x00000000d5d80000)
  to   space 2048K, 0% used [0x00000000d5980000,0x00000000d5980000,0x00000000d5b80000)
 ParOldGen       total 545280K, used 545141K [0x0000000080000000, 0x00000000a1480000, 0x00000000d5580000)
  object space 545280K, 99% used [0x0000000080000000,0x00000000a145d6a0,0x00000000a1480000)
 Metaspace       used 67784K, committed 69248K, reserved 1114112K
  class space    used 7219K, committed 7808K, reserved 1048576K
}
Event: 757.685 GC heap after
{Heap after GC invocations=388 (full 3):
 PSYoungGen      total 4608K, used 1792K [0x00000000d5580000, 0x00000000d5c80000, 0x0000000100000000)
  eden space 2560K, 0% used [0x00000000d5580000,0x00000000d5580000,0x00000000d5800000)
  from space 2048K, 87% used [0x00000000d5980000,0x00000000d5b40000,0x00000000d5b80000)
  to   space 1024K, 0% used [0x00000000d5b80000,0x00000000d5b80000,0x00000000d5c80000)
 ParOldGen       total 546816K, used 546317K [0x0000000080000000, 0x00000000a1600000, 0x00000000d5580000)
  object space 546816K, 99% used [0x0000000080000000,0x00000000a15836a0,0x00000000a1600000)
 Metaspace       used 67784K, committed 69248K, reserved 1114112K
  class space    used 7219K, committed 7808K, reserved 1048576K
}
Event: 757.688 GC heap before
{Heap before GC invocations=389 (full 3):
 PSYoungGen      total 4608K, used 4352K [0x00000000d5580000, 0x00000000d5c80000, 0x0000000100000000)
  eden space 2560K, 100% used [0x00000000d5580000,0x00000000d5800000,0x00000000d5800000)
  from space 2048K, 87% used [0x00000000d5980000,0x00000000d5b40000,0x00000000d5b80000)
  to   space 1024K, 0% used [0x00000000d5b80000,0x00000000d5b80000,0x00000000d5c80000)
 ParOldGen       total 546816K, used 546317K [0x0000000080000000, 0x00000000a1600000, 0x00000000d5580000)
  object space 546816K, 99% used [0x0000000080000000,0x00000000a15836a0,0x00000000a1600000)
 Metaspace       used 67785K, committed 69248K, reserved 1114112K
  class space    used 7219K, committed 7808K, reserved 1048576K
}
Event: 757.689 GC heap after
{Heap after GC invocations=389 (full 3):
 PSYoungGen      total 3072K, used 1024K [0x00000000d5580000, 0x00000000d6080000, 0x0000000100000000)
  eden space 2048K, 0% used [0x00000000d5580000,0x00000000d5580000,0x00000000d5780000)
  from space 1024K, 100% used [0x00000000d5b80000,0x00000000d5c80000,0x00000000d5c80000)
  to   space 4096K, 0% used [0x00000000d5780000,0x00000000d5780000,0x00000000d5b80000)
 ParOldGen       total 548864K, used 548813K [0x0000000080000000, 0x00000000a1800000, 0x00000000d5580000)
  object space 548864K, 99% used [0x0000000080000000,0x00000000a17f36a0,0x00000000a1800000)
 Metaspace       used 67785K, committed 69248K, reserved 1114112K
  class space    used 7219K, committed 7808K, reserved 1048576K
}
Event: 757.748 GC heap before
{Heap before GC invocations=390 (full 3):
 PSYoungGen      total 3072K, used 3071K [0x00000000d5580000, 0x00000000d6080000, 0x0000000100000000)
  eden space 2048K, 99% used [0x00000000d5580000,0x00000000d577ffe0,0x00000000d5780000)
  from space 1024K, 100% used [0x00000000d5b80000,0x00000000d5c80000,0x00000000d5c80000)
  to   space 4096K, 0% used [0x00000000d5780000,0x00000000d5780000,0x00000000d5b80000)
 ParOldGen       total 548864K, used 548813K [0x0000000080000000, 0x00000000a1800000, 0x00000000d5580000)
  object space 548864K, 99% used [0x0000000080000000,0x00000000a17f36a0,0x00000000a1800000)
 Metaspace       used 67813K, committed 69248K, reserved 1114112K
  class space    used 7220K, committed 7808K, reserved 1048576K
}
Event: 757.749 GC heap after
{Heap after GC invocations=390 (full 3):
 PSYoungGen      total 3584K, used 1184K [0x00000000d5580000, 0x00000000d5c00000, 0x0000000100000000)
  eden space 2048K, 0% used [0x00000000d5580000,0x00000000d5580000,0x00000000d5780000)
  from space 1536K, 77% used [0x00000000d5780000,0x00000000d58a8000,0x00000000d5900000)
  to   space 2048K, 0% used [0x00000000d5a00000,0x00000000d5a00000,0x00000000d5c00000)
 ParOldGen       total 550400K, used 549893K [0x0000000080000000, 0x00000000a1980000, 0x00000000d5580000)
  object space 550400K, 99% used [0x0000000080000000,0x00000000a19016a0,0x00000000a1980000)
 Metaspace       used 67813K, committed 69248K, reserved 1114112K
  class space    used 7220K, committed 7808K, reserved 1048576K
}
Event: 757.771 GC heap before
{Heap before GC invocations=391 (full 3):
 PSYoungGen      total 3584K, used 3184K [0x00000000d5580000, 0x00000000d5c00000, 0x0000000100000000)
  eden space 2048K, 97% used [0x00000000d5580000,0x00000000d5774138,0x00000000d5780000)
  from space 1536K, 77% used [0x00000000d5780000,0x00000000d58a8000,0x00000000d5900000)
  to   space 2048K, 0% used [0x00000000d5a00000,0x00000000d5a00000,0x00000000d5c00000)
 ParOldGen       total 550400K, used 549893K [0x0000000080000000, 0x00000000a1980000, 0x00000000d5580000)
  object space 550400K, 99% used [0x0000000080000000,0x00000000a19016a0,0x00000000a1980000)
 Metaspace       used 67925K, committed 69376K, reserved 1114112K
  class space    used 7230K, committed 7808K, reserved 1048576K
}
Event: 757.772 GC heap after
{Heap after GC invocations=391 (full 3):
 PSYoungGen      total 3584K, used 579K [0x00000000d5580000, 0x00000000d5b00000, 0x0000000100000000)
  eden space 2560K, 0% used [0x00000000d5580000,0x00000000d5580000,0x00000000d5800000)
  from space 1024K, 56% used [0x00000000d5a00000,0x00000000d5a90de0,0x00000000d5b00000)
  to   space 1024K, 0% used [0x00000000d5900000,0x00000000d5900000,0x00000000d5a00000)
 ParOldGen       total 550912K, used 550813K [0x0000000080000000, 0x00000000a1a00000, 0x00000000d5580000)
  object space 550912K, 99% used [0x0000000080000000,0x00000000a19e76a0,0x00000000a1a00000)
 Metaspace       used 67925K, committed 69376K, reserved 1114112K
  class space    used 7230K, committed 7808K, reserved 1048576K
}
Event: 757.775 GC heap before
{Heap before GC invocations=392 (full 3):
 PSYoungGen      total 3584K, used 3125K [0x00000000d5580000, 0x00000000d5b00000, 0x0000000100000000)
  eden space 2560K, 99% used [0x00000000d5580000,0x00000000d57fc930,0x00000000d5800000)
  from space 1024K, 56% used [0x00000000d5a00000,0x00000000d5a90de0,0x00000000d5b00000)
  to   space 1024K, 0% used [0x00000000d5900000,0x00000000d5900000,0x00000000d5a00000)
 ParOldGen       total 550912K, used 550813K [0x0000000080000000, 0x00000000a1a00000, 0x00000000d5580000)
  object space 550912K, 99% used [0x0000000080000000,0x00000000a19e76a0,0x00000000a1a00000)
 Metaspace       used 67926K, committed 69376K, reserved 1114112K
  class space    used 7230K, committed 7808K, reserved 1048576K
}
Event: 757.776 GC heap after
{Heap after GC invocations=392 (full 3):
 PSYoungGen      total 4096K, used 356K [0x00000000d5580000, 0x00000000d5a80000, 0x0000000100000000)
  eden space 3072K, 0% used [0x00000000d5580000,0x00000000d5580000,0x00000000d5880000)
  from space 1024K, 34% used [0x00000000d5900000,0x00000000d5959170,0x00000000d5a00000)
  to   space 512K, 0% used [0x00000000d5a00000,0x00000000d5a00000,0x00000000d5a80000)
 ParOldGen       total 551424K, used 551258K [0x0000000080000000, 0x00000000a1a80000, 0x00000000d5580000)
  object space 551424K, 99% used [0x0000000080000000,0x00000000a1a56b70,0x00000000a1a80000)
 Metaspace       used 67926K, committed 69376K, reserved 1114112K
  class space    used 7230K, committed 7808K, reserved 1048576K
}
Event: 757.783 GC heap before
{Heap before GC invocations=393 (full 3):
 PSYoungGen      total 4096K, used 3376K [0x00000000d5580000, 0x00000000d5a80000, 0x0000000100000000)
  eden space 3072K, 98% used [0x00000000d5580000,0x00000000d5872fe0,0x00000000d5880000)
  from space 1024K, 34% used [0x00000000d5900000,0x00000000d5959170,0x00000000d5a00000)
  to   space 512K, 0% used [0x00000000d5a00000,0x00000000d5a00000,0x00000000d5a80000)
 ParOldGen       total 551424K, used 551258K [0x0000000080000000, 0x00000000a1a80000, 0x00000000d5580000)
  object space 551424K, 99% used [0x0000000080000000,0x00000000a1a56b70,0x00000000a1a80000)
 Metaspace       used 68118K, committed 69568K, reserved 1114112K
  class space    used 7237K, committed 7808K, reserved 1048576K
}
Event: 757.784 GC heap after
{Heap after GC invocations=393 (full 3):
 PSYoungGen      total 3584K, used 384K [0x00000000d5580000, 0x00000000d5a80000, 0x0000000100000000)
  eden space 3072K, 0% used [0x00000000d5580000,0x00000000d5580000,0x00000000d5880000)
  from space 512K, 75% used [0x00000000d5a00000,0x00000000d5a60000,0x00000000d5a80000)
  to   space 512K, 0% used [0x00000000d5980000,0x00000000d5980000,0x00000000d5a00000)
 ParOldGen       total 551424K, used 551258K [0x0000000080000000, 0x00000000a1a80000, 0x00000000d5580000)
  object space 551424K, 99% used [0x0000000080000000,0x00000000a1a56b70,0x00000000a1a80000)
 Metaspace       used 68118K, committed 69568K, reserved 1114112K
  class space    used 7237K, committed 7808K, reserved 1048576K
}
Event: 757.801 GC heap before
{Heap before GC invocations=394 (full 3):
 PSYoungGen      total 3584K, used 3449K [0x00000000d5580000, 0x00000000d5a80000, 0x0000000100000000)
  eden space 3072K, 99% used [0x00000000d5580000,0x00000000d587e758,0x00000000d5880000)
  from space 512K, 75% used [0x00000000d5a00000,0x00000000d5a60000,0x00000000d5a80000)
  to   space 512K, 0% used [0x00000000d5980000,0x00000000d5980000,0x00000000d5a00000)
 ParOldGen       total 551424K, used 551258K [0x0000000080000000, 0x00000000a1a80000, 0x00000000d5580000)
  object space 551424K, 99% used [0x0000000080000000,0x00000000a1a56b70,0x00000000a1a80000)
 Metaspace       used 68342K, committed 69760K, reserved 1114112K
  class space    used 7250K, committed 7808K, reserved 1048576K
}
Event: 757.802 GC heap after
{Heap after GC invocations=394 (full 3):
 PSYoungGen      total 3584K, used 497K [0x00000000d5580000, 0x00000000d5b80000, 0x0000000100000000)
  eden space 3072K, 0% used [0x00000000d5580000,0x00000000d5580000,0x00000000d5880000)
  from space 512K, 97% used [0x00000000d5980000,0x00000000d59fc700,0x00000000d5a00000)
  to   space 1536K, 0% used [0x00000000d5a00000,0x00000000d5a00000,0x00000000d5b80000)
 ParOldGen       total 551936K, used 551705K [0x0000000080000000, 0x00000000a1b00000, 0x00000000d5580000)
  object space 551936K, 99% used [0x0000000080000000,0x00000000a1ac6788,0x00000000a1b00000)
 Metaspace       used 68342K, committed 69760K, reserved 1114112K
  class space    used 7250K, committed 7808K, reserved 1048576K
}
Event: 758.849 GC heap before
{Heap before GC invocations=395 (full 3):
 PSYoungGen      total 3584K, used 3569K [0x00000000d5580000, 0x00000000d5b80000, 0x0000000100000000)
  eden space 3072K, 100% used [0x00000000d5580000,0x00000000d5880000,0x00000000d5880000)
  from space 512K, 97% used [0x00000000d5980000,0x00000000d59fc700,0x00000000d5a00000)
  to   space 1536K, 0% used [0x00000000d5a00000,0x00000000d5a00000,0x00000000d5b80000)
 ParOldGen       total 551936K, used 551705K [0x0000000080000000, 0x00000000a1b00000, 0x00000000d5580000)
  object space 551936K, 99% used [0x0000000080000000,0x00000000a1ac6788,0x00000000a1b00000)
 Metaspace       used 68630K, committed 70080K, reserved 1114112K
  class space    used 7270K, committed 7872K, reserved 1048576K
}
Event: 758.850 GC heap after
{Heap after GC invocations=395 (full 3):
 PSYoungGen      total 4096K, used 672K [0x00000000d5580000, 0x00000000d5b00000, 0x0000000100000000)
  eden space 3072K, 0% used [0x00000000d5580000,0x00000000d5580000,0x00000000d5880000)
  from space 1024K, 65% used [0x00000000d5a00000,0x00000000d5aa8000,0x00000000d5b00000)
  to   space 1024K, 0% used [0x00000000d5900000,0x00000000d5900000,0x00000000d5a00000)
 ParOldGen       total 552448K, used 552015K [0x0000000080000000, 0x00000000a1b80000, 0x00000000d5580000)
  object space 552448K, 99% used [0x0000000080000000,0x00000000a1b13e68,0x00000000a1b80000)
 Metaspace       used 68630K, committed 70080K, reserved 1114112K
  class space    used 7270K, committed 7872K, reserved 1048576K
}

Dll operation events (14 events):
Event: 0.007 Loaded shared library c:\Users\rafae\.vscode\extensions\redhat.java-1.49.0-win32-x64\jre\21.0.9-win32-x86_64\bin\java.dll
Event: 0.063 Loaded shared library c:\Users\rafae\.vscode\extensions\redhat.java-1.49.0-win32-x64\jre\21.0.9-win32-x86_64\bin\zip.dll
Event: 0.083 Loaded shared library C:\Users\rafae\.vscode\extensions\redhat.java-1.49.0-win32-x64\jre\21.0.9-win32-x86_64\bin\instrument.dll
Event: 0.088 Loaded shared library C:\Users\rafae\.vscode\extensions\redhat.java-1.49.0-win32-x64\jre\21.0.9-win32-x86_64\bin\net.dll
Event: 0.089 Loaded shared library C:\Users\rafae\.vscode\extensions\redhat.java-1.49.0-win32-x64\jre\21.0.9-win32-x86_64\bin\nio.dll
Event: 0.092 Loaded shared library C:\Users\rafae\.vscode\extensions\redhat.java-1.49.0-win32-x64\jre\21.0.9-win32-x86_64\bin\zip.dll
Event: 0.104 Loaded shared library C:\Users\rafae\.vscode\extensions\redhat.java-1.49.0-win32-x64\jre\21.0.9-win32-x86_64\bin\jimage.dll
Event: 0.158 Loaded shared library c:\Users\rafae\.vscode\extensions\redhat.java-1.49.0-win32-x64\jre\21.0.9-win32-x86_64\bin\verify.dll
Event: 8.414 Loaded shared library C:\Users\rafae\AppData\Roaming\Code\User\globalStorage\redhat.java\1.49.0\config_win\org.eclipse.equinox.launcher\org.eclipse.equinox.launcher.win32.win32.x86_64_1.2.1400.v20250801-0854\eclipse_11916.dll
Event: 15.365 Loaded shared library C:\Users\rafae\.vscode\extensions\redhat.java-1.49.0-win32-x64\jre\21.0.9-win32-x86_64\bin\management.dll
Event: 15.368 Loaded shared library C:\Users\rafae\.vscode\extensions\redhat.java-1.49.0-win32-x64\jre\21.0.9-win32-x86_64\bin\management_ext.dll
Event: 16.232 Loaded shared library C:\Users\rafae\AppData\Local\Temp\jna-108272251\jna15891588460102609227.dll
Event: 16.304 Loaded shared library C:\Users\rafae\.vscode\extensions\redhat.java-1.49.0-win32-x64\jre\21.0.9-win32-x86_64\bin\sunmscapi.dll
Event: 16.589 Loaded shared library C:\Users\rafae\.vscode\extensions\redhat.java-1.49.0-win32-x64\jre\21.0.9-win32-x86_64\bin\extnet.dll

Deoptimization events (20 events):
Event: 757.770 Thread 0x0000014c94115c60 Uncommon trap: trap_request=0xffffffde fr.pc=0x0000014c3e56c450 relative=0x0000000000000c10
Event: 757.770 Thread 0x0000014c94115c60 Uncommon trap: reason=class_check action=maybe_recompile pc=0x0000014c3e56c450 method=java.io.FilterInputStream.read([B)I @ 5 c2
Event: 757.770 Thread 0x0000014c94115c60 DEOPT PACKING pc=0x0000014c3e56c450 sp=0x0000001d554fc250
Event: 757.770 Thread 0x0000014c94115c60 DEOPT UNPACKING pc=0x0000014c3d633aa2 sp=0x0000001d554fc248 mode 2
Event: 757.773 Thread 0x0000014c94115c60 Uncommon trap: trap_request=0xffffff45 fr.pc=0x0000014c3ddda484 relative=0x0000000000000564
Event: 757.773 Thread 0x0000014c94115c60 Uncommon trap: reason=unstable_if action=reinterpret pc=0x0000014c3ddda484 method=org.lombokweb.asm.SymbolTable.addConstantUtf8Reference(ILjava/lang/String;)Lorg/lombokweb/asm/Symbol; @ 45 c2
Event: 757.773 Thread 0x0000014c94115c60 DEOPT PACKING pc=0x0000014c3ddda484 sp=0x0000001d554f8880
Event: 757.773 Thread 0x0000014c94115c60 DEOPT UNPACKING pc=0x0000014c3d633aa2 sp=0x0000001d554f8808 mode 2
Event: 757.775 Thread 0x0000014c94115c60 Uncommon trap: trap_request=0xffffffde fr.pc=0x0000014c3e56c450 relative=0x0000000000000c10
Event: 757.775 Thread 0x0000014c94115c60 Uncommon trap: reason=class_check action=maybe_recompile pc=0x0000014c3e56c450 method=java.io.FilterInputStream.read([B)I @ 5 c2
Event: 757.775 Thread 0x0000014c94115c60 DEOPT PACKING pc=0x0000014c3e56c450 sp=0x0000001d554f8ca0
Event: 757.775 Thread 0x0000014c94115c60 DEOPT UNPACKING pc=0x0000014c3d633aa2 sp=0x0000001d554f8c98 mode 2
Event: 757.775 Thread 0x0000014c94115c60 Uncommon trap: trap_request=0xffffffde fr.pc=0x0000014c3e56c450 relative=0x0000000000000c10
Event: 757.775 Thread 0x0000014c94115c60 Uncommon trap: reason=class_check action=maybe_recompile pc=0x0000014c3e56c450 method=java.io.FilterInputStream.read([B)I @ 5 c2
Event: 757.775 Thread 0x0000014c94115c60 DEOPT PACKING pc=0x0000014c3e56c450 sp=0x0000001d554f8ca0
Event: 757.775 Thread 0x0000014c94115c60 DEOPT UNPACKING pc=0x0000014c3d633aa2 sp=0x0000001d554f8c98 mode 2
Event: 757.792 Thread 0x0000014c94115c60 DEOPT PACKING pc=0x0000014c37935aa2 sp=0x0000001d554fdd30
Event: 757.792 Thread 0x0000014c94115c60 DEOPT UNPACKING pc=0x0000014c3d634242 sp=0x0000001d554fd240 mode 0
Event: 758.851 Thread 0x0000014c94115c60 DEOPT PACKING pc=0x0000014c37935ac3 sp=0x0000001d554fd4b0
Event: 758.851 Thread 0x0000014c94115c60 DEOPT UNPACKING pc=0x0000014c3d634242 sp=0x0000001d554fc9c0 mode 0

Classes loaded (20 events):
Event: 743.346 Loading class java/io/ObjectStreamClass$ClassDataSlot done
Event: 743.347 Loading class java/io/SerialCallbackContext
Event: 743.347 Loading class java/io/SerialCallbackContext done
Event: 743.627 Loading class java/nio/file/Files$2
Event: 743.627 Loading class java/nio/file/Files$2 done
Event: 743.630 Loading class java/util/concurrent/ArrayBlockingQueue
Event: 743.630 Loading class java/util/concurrent/ArrayBlockingQueue done
Event: 743.699 Loading class java/util/concurrent/ConcurrentHashMap$KeySpliterator
Event: 743.700 Loading class java/util/concurrent/ConcurrentHashMap$KeySpliterator done
Event: 749.338 Loading class jdk/internal/event/SecurityPropertyModificationEvent
Event: 749.338 Loading class jdk/internal/event/SecurityPropertyModificationEvent done
Event: 749.408 Loading class java/util/concurrent/ConcurrentHashMap$TreeNode
Event: 749.408 Loading class java/util/concurrent/ConcurrentHashMap$TreeNode done
Event: 749.408 Loading class java/util/concurrent/ConcurrentHashMap$TreeBin
Event: 749.410 Loading class java/util/concurrent/ConcurrentHashMap$TreeBin done
Event: 749.448 Loading class java/util/zip/CheckedInputStream
Event: 749.448 Loading class java/util/zip/CheckedInputStream done
Event: 750.492 Loading class java/util/zip/GZIPInputStream$1
Event: 750.492 Loading class java/util/zip/GZIPInputStream$1 done
Event: 758.871 Loading class jdk/internal/ref/CleanerImpl$InnocuousThreadFactory

Classes unloaded (7 events):
Event: 15.732 Thread 0x0000014c3304e940 Unloading class 0x0000014c4b1a5400 'java/lang/invoke/LambdaForm$MH+0x0000014c4b1a5400'
Event: 15.732 Thread 0x0000014c3304e940 Unloading class 0x0000014c4b1a5000 'java/lang/invoke/LambdaForm$MH+0x0000014c4b1a5000'
Event: 15.732 Thread 0x0000014c3304e940 Unloading class 0x0000014c4b1a4c00 'java/lang/invoke/LambdaForm$MH+0x0000014c4b1a4c00'
Event: 15.732 Thread 0x0000014c3304e940 Unloading class 0x0000014c4b1a4800 'java/lang/invoke/LambdaForm$MH+0x0000014c4b1a4800'
Event: 15.732 Thread 0x0000014c3304e940 Unloading class 0x0000014c4b1a4400 'java/lang/invoke/LambdaForm$BMH+0x0000014c4b1a4400'
Event: 15.732 Thread 0x0000014c3304e940 Unloading class 0x0000014c4b1a4000 'java/lang/invoke/LambdaForm$DMH+0x0000014c4b1a4000'
Event: 15.732 Thread 0x0000014c3304e940 Unloading class 0x0000014c4b1a2c00 'java/lang/invoke/LambdaForm$DMH+0x0000014c4b1a2c00'

Classes redefined (0 events):
No events

Internal exceptions (20 events):
Event: 743.704 Thread 0x0000014c941127e0 Exception <a 'sun/nio/fs/WindowsException'{0x00000000d6123b60}> (0x00000000d6123b60) 
thrown [s\src\hotspot\share\prims\jni.cpp, line 520]
Event: 743.704 Thread 0x0000014c941127e0 Exception <a 'sun/nio/fs/WindowsException'{0x00000000d6124270}> (0x00000000d6124270) 
thrown [s\src\hotspot\share\prims\jni.cpp, line 520]
Event: 749.001 Thread 0x0000014c9266b4f0 Exception <a 'sun/nio/fs/WindowsException'{0x00000000d558d870}> (0x00000000d558d870) 
thrown [s\src\hotspot\share\prims\jni.cpp, line 520]
Event: 749.067 Thread 0x0000014c9266b4f0 Exception <a 'sun/nio/fs/WindowsException'{0x00000000d55c1d80}> (0x00000000d55c1d80) 
thrown [s\src\hotspot\share\prims\jni.cpp, line 520]
Event: 749.295 Thread 0x0000014c9266b4f0 Exception <a 'sun/nio/fs/WindowsException'{0x00000000d55aef30}> (0x00000000d55aef30) 
thrown [s\src\hotspot\share\prims\jni.cpp, line 520]
Event: 749.301 Thread 0x0000014c94110710 Exception <a 'java/lang/IncompatibleClassChangeError'{0x00000000d560dd20}: Found class java.lang.Object, but interface was expected> (0x00000000d560dd20) 
thrown [s\src\hotspot\share\interpreter\linkResolver.cpp, line 840]
Event: 749.331 Thread 0x0000014c94110710 Exception <a 'java/lang/IncompatibleClassChangeError'{0x00000000d5761ce8}: Found class java.lang.Object, but interface was expected> (0x00000000d5761ce8) 
thrown [s\src\hotspot\share\interpreter\linkResolver.cpp, line 840]
Event: 749.334 Thread 0x0000014c94110710 Exception <a 'java/lang/IncompatibleClassChangeError'{0x00000000d5582f18}: Found class java.lang.Object, but interface was expected> (0x00000000d5582f18) 
thrown [s\src\hotspot\share\interpreter\linkResolver.cpp, line 840]
Event: 749.335 Thread 0x0000014c94110710 Exception <a 'java/lang/IncompatibleClassChangeError'{0x00000000d5594df8}: Found class java.lang.Object, but interface was expected> (0x00000000d5594df8) 
thrown [s\src\hotspot\share\interpreter\linkResolver.cpp, line 840]
Event: 749.336 Thread 0x0000014c94110710 Exception <a 'java/lang/IncompatibleClassChangeError'{0x00000000d55c6ac0}: Found class java.lang.Object, but interface was expected> (0x00000000d55c6ac0) 
thrown [s\src\hotspot\share\interpreter\linkResolver.cpp, line 840]
Event: 749.337 Thread 0x0000014c94110710 Exception <a 'java/lang/IncompatibleClassChangeError'{0x00000000d5604f20}: Found class java.lang.Object, but interface was expected> (0x00000000d5604f20) 
thrown [s\src\hotspot\share\interpreter\linkResolver.cpp, line 840]
Event: 749.340 Thread 0x0000014c94110710 Exception <a 'java/lang/IncompatibleClassChangeError'{0x00000000d56931c8}: Found class java.lang.Object, but interface was expected> (0x00000000d56931c8) 
thrown [s\src\hotspot\share\interpreter\linkResolver.cpp, line 840]
Event: 749.341 Thread 0x0000014c94110710 Exception <a 'java/lang/IncompatibleClassChangeError'{0x00000000d56b8e48}: Found class java.lang.Object, but interface was expected> (0x00000000d56b8e48) 
thrown [s\src\hotspot\share\interpreter\linkResolver.cpp, line 840]
Event: 749.351 Thread 0x0000014c941162f0 Exception <a 'java/lang/NoSuchMethodError'{0x00000000d561a040}: 'java.lang.Object java.lang.invoke.DirectMethodHandle$Holder.invokeSpecial(java.lang.Object, java.lang.Object, java.lang.Object, java.lang.Object, int, java.lang.Object, java.lang.Object)'> (0x00000000d561a040) 
thrown [s\src\hotspot\share\interpreter\linkResolver.cpp, line 773]
Event: 749.380 Thread 0x0000014c9266bb80 Implicit null exception at 0x0000014c3e34199d to 0x0000014c3e341b20
Event: 749.391 Thread 0x0000014c94115c60 Implicit null exception at 0x0000014c3e3b16da to 0x0000014c3e3b1733
Event: 749.416 Thread 0x0000014c94115c60 Implicit null exception at 0x0000014c3e44b5f3 to 0x0000014c3e44be0c
Event: 749.416 Thread 0x0000014c94115c60 Implicit null exception at 0x0000014c3e28686e to 0x0000014c3e287050
Event: 753.581 Thread 0x0000014c94115c60 Implicit null exception at 0x0000014c3dec7e23 to 0x0000014c3dec81bc
Event: 757.747 Thread 0x0000014c94110710 Exception <a 'java/lang/NoSuchMethodError'{0x00000000d575cf20}: 'java.lang.Object java.lang.invoke.DirectMethodHandle$Holder.invokeStatic(java.lang.Object, int, int, java.lang.Object)'> (0x00000000d575cf20) 
thrown [s\src\hotspot\share\interpreter\linkResolver.cpp, line 773]

ZGC Phase Switch (0 events):
No events

VM Operations (20 events):
Event: 757.679 Executing VM operation: ParallelGCFailedAllocation (Allocation Failure) done
Event: 757.680 Executing VM operation: ParallelGCFailedAllocation (Allocation Failure)
Event: 757.682 Executing VM operation: ParallelGCFailedAllocation (Allocation Failure) done
Event: 757.684 Executing VM operation: ParallelGCFailedAllocation (Allocation Failure)
Event: 757.685 Executing VM operation: ParallelGCFailedAllocation (Allocation Failure) done
Event: 757.688 Executing VM operation: ParallelGCFailedAllocation (Allocation Failure)
Event: 757.689 Executing VM operation: ParallelGCFailedAllocation (Allocation Failure) done
Event: 757.748 Executing VM operation: ParallelGCFailedAllocation (Allocation Failure)
Event: 757.749 Executing VM operation: ParallelGCFailedAllocation (Allocation Failure) done
Event: 757.771 Executing VM operation: ParallelGCFailedAllocation (Allocation Failure)
Event: 757.772 Executing VM operation: ParallelGCFailedAllocation (Allocation Failure) done
Event: 757.775 Executing VM operation: ParallelGCFailedAllocation (Allocation Failure)
Event: 757.776 Executing VM operation: ParallelGCFailedAllocation (Allocation Failure) done
Event: 757.783 Executing VM operation: ParallelGCFailedAllocation (Allocation Failure)
Event: 757.784 Executing VM operation: ParallelGCFailedAllocation (Allocation Failure) done
Event: 757.801 Executing VM operation: ParallelGCFailedAllocation (Allocation Failure)
Event: 757.802 Executing VM operation: ParallelGCFailedAllocation (Allocation Failure) done
Event: 758.849 Executing VM operation: ParallelGCFailedAllocation (Allocation Failure)
Event: 758.850 Executing VM operation: ParallelGCFailedAllocation (Allocation Failure) done
Event: 759.863 Executing VM operation: Cleanup

Memory protections (0 events):
No events

Nmethod flushes (20 events):
Event: 742.392 Thread 0x0000014c3304e940 flushing  nmethod 0x0000014c36a64790
Event: 742.392 Thread 0x0000014c3304e940 flushing  nmethod 0x0000014c36a6f710
Event: 742.392 Thread 0x0000014c3304e940 flushing  nmethod 0x0000014c36a70b10
Event: 742.392 Thread 0x0000014c3304e940 flushing  nmethod 0x0000014c36a71210
Event: 742.392 Thread 0x0000014c3304e940 flushing  nmethod 0x0000014c36a71810
Event: 742.392 Thread 0x0000014c3304e940 flushing  nmethod 0x0000014c36a72090
Event: 742.392 Thread 0x0000014c3304e940 flushing  nmethod 0x0000014c36a72410
Event: 742.392 Thread 0x0000014c3304e940 flushing  nmethod 0x0000014c36a74490
Event: 742.392 Thread 0x0000014c3304e940 flushing  nmethod 0x0000014c36a9b910
Event: 742.392 Thread 0x0000014c3304e940 flushing  nmethod 0x0000014c36ab0110
Event: 742.392 Thread 0x0000014c3304e940 flushing  nmethod 0x0000014c36ab9810
Event: 742.392 Thread 0x0000014c3304e940 flushing  nmethod 0x0000014c36aba890
Event: 742.392 Thread 0x0000014c3304e940 flushing  nmethod 0x0000014c36b17410
Event: 742.392 Thread 0x0000014c3304e940 flushing  nmethod 0x0000014c36b30d90
Event: 742.392 Thread 0x0000014c3304e940 flushing  nmethod 0x0000014c36b34510
Event: 742.392 Thread 0x0000014c3304e940 flushing  nmethod 0x0000014c36b3b010
Event: 742.392 Thread 0x0000014c3304e940 flushing  nmethod 0x0000014c36b3b890
Event: 742.392 Thread 0x0000014c3304e940 flushing  nmethod 0x0000014c36b41910
Event: 742.392 Thread 0x0000014c3304e940 flushing  nmethod 0x0000014c36b50290
Event: 742.392 Thread 0x0000014c3304e940 flushing  nmethod 0x0000014c36b6dd90

Events (20 events):
Event: 749.337 Thread 0x0000014c9266bb80 Thread added: 0x0000014c92668d90
Event: 749.338 Thread 0x0000014c94110710 Thread added: 0x0000014c8c267010
Event: 749.340 Thread 0x0000014c94116980 Thread added: 0x0000014c8c269770
Event: 749.341 Thread 0x0000014c94110710 Thread added: 0x0000014c8c267d30
Event: 749.342 Thread 0x0000014c94110710 Thread added: 0x0000014c8c2676a0
Event: 749.343 Thread 0x0000014c94110710 Thread added: 0x0000014c8c2662f0
Event: 749.344 Thread 0x0000014c94110710 Thread added: 0x0000014c8c269e00
Event: 749.396 Thread 0x0000014c9468df80 Thread added: 0x0000014c9468afd0
Event: 749.399 Thread 0x0000014c8c085d40 Thread added: 0x0000014c9468a900
Event: 750.459 Thread 0x0000014c9468a900 Thread exited: 0x0000014c9468a900
Event: 750.459 Thread 0x0000014c9468afd0 Thread added: 0x0000014c9468a900
Event: 751.527 Thread 0x0000014c9468afd0 Thread added: 0x0000014c9468b6a0
Event: 755.645 Thread 0x0000014c9468b6a0 Thread exited: 0x0000014c9468b6a0
Event: 755.645 Thread 0x0000014c9468afd0 Thread exited: 0x0000014c9468afd0
Event: 755.651 Thread 0x0000014c9468cb10 Thread exited: 0x0000014c9468cb10
Event: 757.690 Thread 0x0000014c8c269770 Thread exited: 0x0000014c8c269770
Event: 757.762 Thread 0x0000014c8c0834e0 Thread added: 0x0000014c9468cb10
Event: 758.304 Thread 0x0000014c9468cb10 Thread exited: 0x0000014c9468cb10
Event: 758.816 Thread 0x0000014c8c085d40 Thread added: 0x0000014c9468e650
Event: 758.816 Thread 0x0000014c8c085d40 Thread added: 0x0000014c9468bd70


Dynamic libraries:
0x00007ff6914b0000 - 0x00007ff6914be000 	c:\Users\rafae\.vscode\extensions\redhat.java-1.49.0-win32-x64\jre\21.0.9-win32-x86_64\bin\java.exe
0x00007ffb0c760000 - 0x00007ffb0c9c8000 	C:\WINDOWS\SYSTEM32\ntdll.dll
0x00007ffb0af20000 - 0x00007ffb0afe9000 	C:\WINDOWS\System32\KERNEL32.DLL
0x00007ffb09f20000 - 0x00007ffb0a318000 	C:\WINDOWS\System32\KERNELBASE.dll
0x00007ffb0a3b0000 - 0x00007ffb0a4fb000 	C:\WINDOWS\System32\ucrtbase.dll
0x00007ffaf3a40000 - 0x00007ffaf3a5e000 	c:\Users\rafae\.vscode\extensions\redhat.java-1.49.0-win32-x64\jre\21.0.9-win32-x86_64\bin\VCRUNTIME140.dll
0x00007ffaf4610000 - 0x00007ffaf4628000 	c:\Users\rafae\.vscode\extensions\redhat.java-1.49.0-win32-x64\jre\21.0.9-win32-x86_64\bin\jli.dll
0x00007ffb0a5f0000 - 0x00007ffb0a7b7000 	C:\WINDOWS\System32\USER32.dll
0x00007ffb09aa0000 - 0x00007ffb09ac7000 	C:\WINDOWS\System32\win32u.dll
0x00007ffaede00000 - 0x00007ffaee094000 	C:\WINDOWS\WinSxS\amd64_microsoft.windows.common-controls_6595b64144ccf1df_6.0.26100.7019_none_3e06ffa0e335b8a8\COMCTL32.dll
0x00007ffb0b9b0000 - 0x00007ffb0b9db000 	C:\WINDOWS\System32\GDI32.dll
0x00007ffb09970000 - 0x00007ffb09a9c000 	C:\WINDOWS\System32\gdi32full.dll
0x00007ffb0c670000 - 0x00007ffb0c719000 	C:\WINDOWS\System32\msvcrt.dll
0x00007ffb09ad0000 - 0x00007ffb09b73000 	C:\WINDOWS\System32\msvcp_win.dll
0x00007ffb0bfe0000 - 0x00007ffb0c011000 	C:\WINDOWS\System32\IMM32.DLL
0x00007ffb01770000 - 0x00007ffb0177c000 	c:\Users\rafae\.vscode\extensions\redhat.java-1.49.0-win32-x64\jre\21.0.9-win32-x86_64\bin\vcruntime140_1.dll
0x00007ffacd470000 - 0x00007ffacd4fd000 	c:\Users\rafae\.vscode\extensions\redhat.java-1.49.0-win32-x64\jre\21.0.9-win32-x86_64\bin\msvcp140.dll
0x00007ffa925e0000 - 0x00007ffa93380000 	c:\Users\rafae\.vscode\extensions\redhat.java-1.49.0-win32-x64\jre\21.0.9-win32-x86_64\bin\server\jvm.dll
0x00007ffb0aff0000 - 0x00007ffb0b0a4000 	C:\WINDOWS\System32\ADVAPI32.dll
0x00007ffb0c5c0000 - 0x00007ffb0c666000 	C:\WINDOWS\System32\sechost.dll
0x00007ffb0c340000 - 0x00007ffb0c458000 	C:\WINDOWS\System32\RPCRT4.dll
0x00007ffb0a560000 - 0x00007ffb0a5d4000 	C:\WINDOWS\System32\WS2_32.dll
0x00007ffb084d0000 - 0x00007ffb0852e000 	C:\WINDOWS\SYSTEM32\POWRPROF.dll
0x00007ffb024d0000 - 0x00007ffb024db000 	C:\WINDOWS\SYSTEM32\VERSION.dll
0x00007ffb03bd0000 - 0x00007ffb03c05000 	C:\WINDOWS\SYSTEM32\WINMM.dll
0x00007ffb084b0000 - 0x00007ffb084c4000 	C:\WINDOWS\SYSTEM32\UMPDC.dll
0x00007ffb08790000 - 0x00007ffb087ab000 	C:\WINDOWS\SYSTEM32\kernel.appcore.dll
0x00007ffb00d60000 - 0x00007ffb00d6a000 	c:\Users\rafae\.vscode\extensions\redhat.java-1.49.0-win32-x64\jre\21.0.9-win32-x86_64\bin\jimage.dll
0x00007ffb07010000 - 0x00007ffb07252000 	C:\WINDOWS\SYSTEM32\DBGHELP.DLL
0x00007ffb0bc50000 - 0x00007ffb0bfdb000 	C:\WINDOWS\System32\combase.dll
0x00007ffb0c020000 - 0x00007ffb0c0f7000 	C:\WINDOWS\System32\OLEAUT32.dll
0x00007ffad4740000 - 0x00007ffad477c000 	C:\WINDOWS\SYSTEM32\dbgcore.DLL
0x00007ffb09e70000 - 0x00007ffb09f15000 	C:\WINDOWS\System32\bcryptPrimitives.dll
0x00007ffaf1fe0000 - 0x00007ffaf1fef000 	c:\Users\rafae\.vscode\extensions\redhat.java-1.49.0-win32-x64\jre\21.0.9-win32-x86_64\bin\instrument.dll
0x00007ffaf2110000 - 0x00007ffaf2130000 	c:\Users\rafae\.vscode\extensions\redhat.java-1.49.0-win32-x64\jre\21.0.9-win32-x86_64\bin\java.dll
0x00007ffb0a7c0000 - 0x00007ffb0af0f000 	C:\WINDOWS\System32\SHELL32.dll
0x00007ffb09d00000 - 0x00007ffb09e6b000 	C:\WINDOWS\System32\wintypes.dll
0x00007ffb07370000 - 0x00007ffb07bcd000 	C:\WINDOWS\SYSTEM32\windows.storage.dll
0x00007ffb0b800000 - 0x00007ffb0b8f2000 	C:\WINDOWS\System32\SHCORE.dll
0x00007ffb0c100000 - 0x00007ffb0c167000 	C:\WINDOWS\System32\shlwapi.dll
0x00007ffb097d0000 - 0x00007ffb097f9000 	C:\WINDOWS\SYSTEM32\profapi.dll
0x00007ffaf1ff0000 - 0x00007ffaf2008000 	c:\Users\rafae\.vscode\extensions\redhat.java-1.49.0-win32-x64\jre\21.0.9-win32-x86_64\bin\zip.dll
0x00007ffaf6630000 - 0x00007ffaf6640000 	C:\Users\rafae\.vscode\extensions\redhat.java-1.49.0-win32-x64\jre\21.0.9-win32-x86_64\bin\net.dll
0x00007ffb03ca0000 - 0x00007ffb03dc8000 	C:\WINDOWS\SYSTEM32\WINHTTP.dll
0x00007ffb08d00000 - 0x00007ffb08d6b000 	C:\WINDOWS\system32\mswsock.dll
0x00007ffaf1bd0000 - 0x00007ffaf1be6000 	C:\Users\rafae\.vscode\extensions\redhat.java-1.49.0-win32-x64\jre\21.0.9-win32-x86_64\bin\nio.dll
0x00007ffaf2050000 - 0x00007ffaf2060000 	c:\Users\rafae\.vscode\extensions\redhat.java-1.49.0-win32-x64\jre\21.0.9-win32-x86_64\bin\verify.dll
0x00007ffb04150000 - 0x00007ffb04194000 	C:\Users\rafae\AppData\Roaming\Code\User\globalStorage\redhat.java\1.49.0\config_win\org.eclipse.equinox.launcher\org.eclipse.equinox.launcher.win32.win32.x86_64_1.2.1400.v20250801-0854\eclipse_11916.dll
0x00007ffb0c1a0000 - 0x00007ffb0c337000 	C:\WINDOWS\System32\ole32.dll
0x00007ffaf4d00000 - 0x00007ffaf4d0a000 	C:\Users\rafae\.vscode\extensions\redhat.java-1.49.0-win32-x64\jre\21.0.9-win32-x86_64\bin\management.dll
0x00007ffaf45b0000 - 0x00007ffaf45bc000 	C:\Users\rafae\.vscode\extensions\redhat.java-1.49.0-win32-x64\jre\21.0.9-win32-x86_64\bin\management_ext.dll
0x00007ffb0c5b0000 - 0x00007ffb0c5b8000 	C:\WINDOWS\System32\PSAPI.DLL
0x00007ffb08fd0000 - 0x00007ffb08feb000 	C:\WINDOWS\SYSTEM32\CRYPTSP.dll
0x00007ffb086f0000 - 0x00007ffb0872a000 	C:\WINDOWS\system32\rsaenh.dll
0x00007ffb08db0000 - 0x00007ffb08ddb000 	C:\WINDOWS\SYSTEM32\USERENV.dll
0x00007ffb097a0000 - 0x00007ffb097ca000 	C:\WINDOWS\SYSTEM32\bcrypt.dll
0x00007ffb08fc0000 - 0x00007ffb08fcc000 	C:\WINDOWS\SYSTEM32\CRYPTBASE.dll
0x00007ffb08240000 - 0x00007ffb08274000 	C:\WINDOWS\SYSTEM32\IPHLPAPI.DLL
0x00007ffb0c460000 - 0x00007ffb0c46a000 	C:\WINDOWS\System32\NSI.dll
0x00007ffadad90000 - 0x00007ffadadd9000 	C:\Users\rafae\AppData\Local\Temp\jna-108272251\jna15891588460102609227.dll
0x00007ffb03ff0000 - 0x00007ffb0400e000 	C:\WINDOWS\SYSTEM32\dhcpcsvc6.DLL
0x00007ffb03fc0000 - 0x00007ffb03fe3000 	C:\WINDOWS\SYSTEM32\dhcpcsvc.DLL
0x00007ffaf44b0000 - 0x00007ffaf44be000 	C:\Users\rafae\.vscode\extensions\redhat.java-1.49.0-win32-x64\jre\21.0.9-win32-x86_64\bin\sunmscapi.dll
0x00007ffb09b80000 - 0x00007ffb09cf7000 	C:\WINDOWS\System32\CRYPT32.dll
0x00007ffb091e0000 - 0x00007ffb09210000 	C:\WINDOWS\SYSTEM32\ncrypt.dll
0x00007ffb09190000 - 0x00007ffb091cf000 	C:\WINDOWS\SYSTEM32\NTASN1.dll
0x00007ffb08280000 - 0x00007ffb083ac000 	C:\WINDOWS\SYSTEM32\DNSAPI.dll
0x00007ffb02560000 - 0x00007ffb0256b000 	C:\Windows\System32\rasadhlp.dll
0x00007ffb041f0000 - 0x00007ffb04276000 	C:\WINDOWS\System32\fwpuclnt.dll
0x00007ffaf4440000 - 0x00007ffaf4449000 	C:\Users\rafae\.vscode\extensions\redhat.java-1.49.0-win32-x64\jre\21.0.9-win32-x86_64\bin\extnet.dll

JVMTI agents:
c:\Users\rafae\.vscode\extensions\redhat.java-1.49.0-win32-x64\lombok\lombok-1.18.39-4050.jar path:c:\Users\rafae\.vscode\extensions\redhat.java-1.49.0-win32-x64\jre\21.0.9-win32-x86_64\bin\instrument.dll, loaded, initialized, instrumentlib options:none

dbghelp: loaded successfully - version: 4.0.5 - missing functions: none
symbol engine: initialized successfully - sym options: 0x614 - pdb path: .;c:\Users\rafae\.vscode\extensions\redhat.java-1.49.0-win32-x64\jre\21.0.9-win32-x86_64\bin;C:\WINDOWS\SYSTEM32;C:\WINDOWS\WinSxS\amd64_microsoft.windows.common-controls_6595b64144ccf1df_6.0.26100.7019_none_3e06ffa0e335b8a8;c:\Users\rafae\.vscode\extensions\redhat.java-1.49.0-win32-x64\jre\21.0.9-win32-x86_64\bin\server;C:\Users\rafae\AppData\Roaming\Code\User\globalStorage\redhat.java\1.49.0\config_win\org.eclipse.equinox.launcher\org.eclipse.equinox.launcher.win32.win32.x86_64_1.2.1400.v20250801-0854;C:\Users\rafae\AppData\Local\Temp\jna-108272251

VM Arguments:
jvm_args: --add-modules=ALL-SYSTEM --add-opens=java.base/java.util=ALL-UNNAMED --add-opens=java.base/java.lang=ALL-UNNAMED --add-opens=java.base/sun.nio.fs=ALL-UNNAMED -Declipse.application=org.eclipse.jdt.ls.core.id1 -Dosgi.bundles.defaultStartLevel=4 -Declipse.product=org.eclipse.jdt.ls.core.product -Djava.import.generatesMetadataFilesAtProjectRoot=false -DDetectVMInstallationsJob.disabled=true -Dfile.encoding=utf8 -XX:+UseParallelGC -XX:GCTimeRatio=4 -XX:AdaptiveSizePolicyWeight=90 -Dsun.zip.disableMemoryMapping=true -Xmx2G -Xms100m -Xlog:disable -javaagent:c:\Users\rafae\.vscode\extensions\redhat.java-1.49.0-win32-x64\lombok\lombok-1.18.39-4050.jar -XX:+HeapDumpOnOutOfMemoryError -XX:HeapDumpPath=c:\Users\rafae\AppData\Roaming\Code\User\workspaceStorage\98f0a606a096f0615ab07c1a7b1201e6\redhat.java -Daether.dependencyCollector.impl=bf 
java_command: c:\Users\rafae\.vscode\extensions\redhat.java-1.49.0-win32-x64\server\plugins\org.eclipse.equinox.launcher_1.7.100.v20251111-0406.jar -configuration c:\Users\rafae\AppData\Roaming\Code\User\globalStorage\redhat.java\1.49.0\config_win -data c:\Users\rafae\AppData\Roaming\Code\User\workspaceStorage\98f0a606a096f0615ab07c1a7b1201e6\redhat.java\jdt_ws --pipe=\\.\pipe\lsp-86c0a8c65908056e8603527d91a81265-sock
java_class_path (initial): c:\Users\rafae\.vscode\extensions\redhat.java-1.49.0-win32-x64\server\plugins\org.eclipse.equinox.launcher_1.7.100.v20251111-0406.jar
Launcher Type: SUN_STANDARD

[Global flags]
    uintx AdaptiveSizePolicyWeight                 = 90                                        {product} {command line}
     intx CICompilerCount                          = 12                                        {product} {ergonomic}
    uintx GCTimeRatio                              = 4                                         {product} {command line}
     bool HeapDumpOnOutOfMemoryError               = true                                   {manageable} {command line}
    ccstr HeapDumpPath                             = c:\Users\rafae\AppData\Roaming\Code\User\workspaceStorage\98f0a606a096f0615ab07c1a7b1201e6\redhat.java         {manageable} {command line}
   size_t InitialHeapSize                          = 104857600                                 {product} {command line}
   size_t MaxHeapSize                              = 2147483648                                {product} {command line}
   size_t MaxNewSize                               = 715653120                                 {product} {ergonomic}
   size_t MinHeapDeltaBytes                        = 524288                                    {product} {ergonomic}
   size_t MinHeapSize                              = 104857600                                 {product} {command line}
   size_t NewSize                                  = 34603008                                  {product} {ergonomic}
    uintx NonNMethodCodeHeapSize                   = 7602480                                {pd product} {ergonomic}
    uintx NonProfiledCodeHeapSize                  = 122027880                              {pd product} {ergonomic}
   size_t OldSize                                  = 70254592                                  {product} {ergonomic}
    uintx ProfiledCodeHeapSize                     = 122027880                              {pd product} {ergonomic}
    uintx ReservedCodeCacheSize                    = 251658240                              {pd product} {ergonomic}
     bool SegmentedCodeCache                       = true                                      {product} {ergonomic}
   size_t SoftMaxHeapSize                          = 2147483648                             {manageable} {ergonomic}
     bool UseCompressedOops                        = true                           {product lp64_product} {ergonomic}
     bool UseLargePagesIndividualAllocation        = false                                  {pd product} {ergonomic}
     bool UseParallelGC                            = true                                      {product} {command line}

Logging:
Log output configuration:
 #0: stdout all=off uptime,level,tags foldmultilines=false
 #1: stderr all=off uptime,level,tags foldmultilines=false

Release file:
JAVA_VERSION="21.0.9" 
MODULES="java.base java.compiler java.datatransfer java.xml java.prefs java.desktop java.instrument java.logging java.management java.security.sasl java.naming java.rmi java.management.rmi java.net.http java.scripting java.security.jgss java.transaction.xa java.sql java.sql.rowset java.xml.crypto java.se java.smartcardio jdk.accessibility jdk.internal.jvmstat jdk.attach jdk.charsets jdk.internal.opt jdk.zipfs jdk.compiler jdk.crypto.ec jdk.crypto.cryptoki jdk.crypto.mscapi jdk.dynalink jdk.internal.ed jdk.editpad jdk.hotspot.agent jdk.httpserver jdk.internal.le jdk.internal.vm.ci jdk.internal.vm.compiler jdk.internal.vm.compiler.management jdk.jartool jdk.javadoc jdk.jcmd jdk.management jdk.management.agent jdk.jconsole jdk.jdeps jdk.jdwp.agent jdk.jdi jdk.jfr jdk.jshell jdk.jsobject jdk.jstatd jdk.localedata jdk.management.jfr jdk.naming.dns jdk.naming.rmi jdk.net jdk.nio.mapmode jdk.random jdk.sctp jdk.security.auth jdk.security.jgss jdk.unsupported jdk.unsupported.desktop jdk.xml.dom" 

Environment Variables:
JAVA_HOME=C:\Program Files\Eclipse Adoptium\jdk-21.0.8.9-hotspot\
PATH=C:\Python314\Scripts\;C:\Python314\;C:\Program Files\Eclipse Adoptium\jdk-21.0.8.9-hotspot\bin;C:\Windows\system32;C:\Windows;C:\Windows\System32\Wbem;C:\Windows\System32\WindowsPowerShell\v1.0\;C:\Windows\System32\OpenSSH\;C:\Program Files\dotnet\;C:\Program Files (x86)\NVIDIA Corporation\PhysX\Common;C:\Program Files\NVIDIA Corporation\NVIDIA NvDLISR;C:\WINDOWS\system32;C:\WINDOWS;C:\WINDOWS\System32\Wbem;C:\WINDOWS\System32\WindowsPowerShell\v1.0\;C:\WINDOWS\System32\OpenSSH\;C:\Program Files (x86)\ZED SDK\dependencies\freeglut_2.8\x64;C:\Program Files (x86)\ZED SDK\dependencies\glew-1.12.0\x64;C:\Program Files (x86)\ZED SDK\dependencies\opencv_3.1.0\x64;C:\Program Files (x86)\ZED SDK\bin;C:\Program Files\cursor\resources\app\bin;C:\ProgramData\chocolatey\bin;C:\Program Files\nodejs\;C:\Users\rafae\AppData\Local\Programs\Python\Python310\Scripts\;C:\Users\rafae\AppData\Local\Programs\Python\Python310\;C:\Users\rafae\AppData\Local\Microsoft\WindowsApps;C:\Users\rafae\AppData\Local\Programs\Microsoft VS Code\bin;C:\Users\rafae\Downloads\winlibs-x86_64-posix-seh-gcc-14.2.0-llvm-19.1.7-mingw-w64ucrt-12.0.0-r3\mingw64\bin;C:\Users\rafae\Downloads\winlibs-x86_64-posix-seh-gcc-14.2.0-llvm-19.1.7-mingw-w64ucrt-12.0.0-r3\mingw64\bin;C:\Users\rafae\AppData\Roaming\npm
USERNAME=rafae
OS=Windows_NT
PROCESSOR_IDENTIFIER=Intel64 Family 6 Model 183 Stepping 1, GenuineIntel
TMP=C:\Users\rafae\AppData\Local\Temp
TEMP=C:\Users\rafae\AppData\Local\Temp




Periodic native trim disabled

---------------  S Y S T E M  ---------------

OS:
 Windows 11 , 64 bit Build 26100 (10.0.26100.7019)
OS uptime: 0 days 5:41 hours
Hyper-V role detected

CPU: total 16 (initial active 16) (8 cores per cpu, 2 threads per core) family 6 model 183 stepping 1 microcode 0x12f, cx8, cmov, fxsr, ht, mmx, 3dnowpref, sse, sse2, sse3, ssse3, sse4.1, sse4.2, popcnt, lzcnt, tsc, tscinvbit, avx, avx2, aes, erms, clmul, bmi1, bmi2, adx, sha, fma, vzeroupper, clflush, clflushopt, clwb, hv, serialize, rdtscp, rdpid, fsrm, f16c, cet_ibt, cet_ss
Processor Information for processor 0
  Max Mhz: 2400, Current Mhz: 2400, Mhz Limit: 2400
Processor Information for processor 1
  Max Mhz: 2400, Current Mhz: 1520, Mhz Limit: 2400
Processor Information for processor 2
  Max Mhz: 2400, Current Mhz: 2400, Mhz Limit: 2400
Processor Information for processor 3
  Max Mhz: 2400, Current Mhz: 2400, Mhz Limit: 2400
Processor Information for processor 4
  Max Mhz: 2400, Current Mhz: 2400, Mhz Limit: 2400
Processor Information for processor 5
  Max Mhz: 2400, Current Mhz: 2400, Mhz Limit: 2400
Processor Information for processor 6
  Max Mhz: 2400, Current Mhz: 2400, Mhz Limit: 2400
Processor Information for processor 7
  Max Mhz: 2400, Current Mhz: 2400, Mhz Limit: 2400
Processor Information for processor 8
  Max Mhz: 2400, Current Mhz: 2400, Mhz Limit: 2400
Processor Information for processor 9
  Max Mhz: 2400, Current Mhz: 2400, Mhz Limit: 2400
Processor Information for processor 10
  Max Mhz: 2400, Current Mhz: 2400, Mhz Limit: 2400
Processor Information for processor 11
  Max Mhz: 2400, Current Mhz: 2400, Mhz Limit: 2400
Processor Information for processor 12
  Max Mhz: 2400, Current Mhz: 2400, Mhz Limit: 2400
Processor Information for processor 13
  Max Mhz: 2400, Current Mhz: 2400, Mhz Limit: 2400
Processor Information for processor 14
  Max Mhz: 2400, Current Mhz: 2400, Mhz Limit: 2400
Processor Information for processor 15
  Max Mhz: 2400, Current Mhz: 2400, Mhz Limit: 2400

Memory: 4k page, system-wide physical 16068M (726M free)
TotalPageFile size 24260M (AvailPageFile size 0M)
current process WorkingSet (physical memory assigned to process): 927M, peak: 927M
current process commit charge ("private bytes"): 885M, peak: 885M

vm_info: OpenJDK 64-Bit Server VM (21.0.9+10-LTS) for windows-amd64 JRE (21.0.9+10-LTS), built on 2025-10-21T00:00:00Z by "admin" with unknown MS VC++:1942

END.
